TN:
SF:src/App.tsx
FN:11,App
FNF:1
FNH:0
FNDA:0,App
DA:9,0
DA:12,0
LF:2
LH:0
BRDA:9,0,0,0
BRDA:9,0,1,0
BRF:2
BRH:0
end_of_record
TN:
SF:src/index.tsx
FNF:0
FNH:0
DA:7,0
DA:10,0
LF:2
LH:0
BRF:0
BRH:0
end_of_record
TN:
SF:src/api/ai-service.ts
FN:31,(anonymous_0)
FN:44,makeAIRequest
FN:95,(anonymous_2)
FN:124,(anonymous_3)
FN:153,(anonymous_4)
FN:175,getAIUsage
FN:198,getAvailableModels
FNF:7
FNH:0
FNDA:0,(anonymous_0)
FNDA:0,makeAIRequest
FNDA:0,(anonymous_2)
FNDA:0,(anonymous_3)
FNDA:0,(anonymous_4)
FNDA:0,getAIUsage
FNDA:0,getAvailableModels
DA:8,0
DA:36,0
DA:37,0
DA:48,0
DA:50,0
DA:51,0
DA:54,0
DA:55,0
DA:65,0
DA:66,0
DA:67,0
DA:74,0
DA:76,0
DA:77,0
DA:80,0
DA:81,0
DA:82,0
DA:84,0
DA:87,0
DA:94,0
DA:104,0
DA:123,0
DA:133,0
DA:152,0
DA:161,0
DA:176,0
DA:178,0
DA:179,0
DA:182,0
DA:188,0
DA:189,0
DA:192,0
DA:199,0
DA:201,0
DA:202,0
DA:205,0
DA:211,0
DA:212,0
DA:215,0
DA:219,0
LF:40
LH:0
BRDA:8,0,0,0
BRDA:8,0,1,0
BRDA:50,1,0,0
BRDA:50,1,1,0
BRDA:65,2,0,0
BRDA:65,2,1,0
BRDA:76,3,0,0
BRDA:76,3,1,0
BRDA:80,4,0,0
BRDA:80,4,1,0
BRDA:81,5,0,0
BRDA:81,5,1,0
BRDA:105,6,0,0
BRDA:105,6,1,0
BRDA:107,7,0,0
BRDA:107,7,1,0
BRDA:108,8,0,0
BRDA:108,8,1,0
BRDA:134,9,0,0
BRDA:134,9,1,0
BRDA:136,10,0,0
BRDA:136,10,1,0
BRDA:137,11,0,0
BRDA:137,11,1,0
BRDA:138,12,0,0
BRDA:138,12,1,0
BRDA:162,13,0,0
BRDA:162,13,1,0
BRDA:164,14,0,0
BRDA:164,14,1,0
BRDA:165,15,0,0
BRDA:165,15,1,0
BRDA:178,16,0,0
BRDA:178,16,1,0
BRDA:188,17,0,0
BRDA:188,17,1,0
BRDA:201,18,0,0
BRDA:201,18,1,0
BRDA:211,19,0,0
BRDA:211,19,1,0
BRF:40
BRH:0
end_of_record
TN:
SF:src/api/anthropic-service.ts
FN:5,(anonymous_0)
FN:6,(anonymous_1)
FN:24,(anonymous_2)
FN:27,(anonymous_3)
FN:28,(anonymous_4)
FN:41,(anonymous_5)
FN:62,(anonymous_6)
FNF:7
FNH:0
FNDA:0,(anonymous_0)
FNDA:0,(anonymous_1)
FNDA:0,(anonymous_2)
FNDA:0,(anonymous_3)
FNDA:0,(anonymous_4)
FNDA:0,(anonymous_5)
FNDA:0,(anonymous_6)
DA:5,0
DA:6,0
DA:24,0
DA:26,0
DA:27,0
DA:28,0
DA:31,0
DA:41,0
DA:45,0
DA:46,0
DA:47,0
DA:49,0
DA:56,0
DA:58,0
DA:62,0
DA:63,0
LF:16
LH:0
BRDA:7,0,0,0
BRDA:7,0,1,0
BRDA:26,1,0,0
BRDA:26,1,1,0
BRDA:34,2,0,0
BRDA:34,2,1,0
BRDA:35,3,0,0
BRDA:35,3,1,0
BRDA:36,4,0,0
BRDA:36,4,1,0
BRDA:36,5,0,0
BRDA:36,5,1,0
BRDA:50,6,0,0
BRDA:50,6,1,0
BRDA:52,7,0,0
BRDA:52,7,1,0
BRDA:53,8,0,0
BRDA:53,8,1,0
BRDA:58,9,0,0
BRDA:58,9,1,0
BRF:20
BRH:0
end_of_record
TN:
SF:src/api/anthropic.ts
FN:15,(anonymous_0)
FNF:1
FNH:0
FNDA:0,(anonymous_0)
DA:15,0
DA:16,0
DA:17,0
LF:3
LH:0
BRF:0
BRH:0
end_of_record
TN:
SF:src/api/api-client.ts
FN:22,apiRequest
FN:48,(anonymous_1)
FN:55,(anonymous_2)
FN:68,(anonymous_3)
FN:79,(anonymous_4)
FN:90,(anonymous_5)
FN:103,(anonymous_6)
FN:116,(anonymous_7)
FN:133,(anonymous_8)
FN:134,(anonymous_9)
FN:137,(anonymous_10)
FNF:11
FNH:9
FNDA:8,apiRequest
FNDA:2,(anonymous_1)
FNDA:0,(anonymous_2)
FNDA:2,(anonymous_3)
FNDA:1,(anonymous_4)
FNDA:1,(anonymous_5)
FNDA:1,(anonymous_6)
FNDA:1,(anonymous_7)
FNDA:3,(anonymous_8)
FNDA:0,(anonymous_9)
FNDA:3,(anonymous_10)
DA:9,2
DA:10,2
DA:13,2
DA:23,8
DA:24,0
DA:27,8
DA:29,8
DA:37,8
DA:38,2
DA:41,6
DA:47,2
DA:49,2
DA:56,0
DA:67,2
DA:69,2
DA:70,2
DA:71,2
DA:74,2
DA:80,1
DA:81,1
DA:82,1
DA:85,1
DA:91,1
DA:92,1
DA:93,1
DA:96,1
DA:104,1
DA:105,1
DA:106,1
DA:109,1
DA:117,1
DA:118,1
DA:119,1
DA:122,1
DA:132,2
DA:133,3
DA:134,0
DA:138,3
LF:38
LH:35
BRDA:10,0,0,2
BRDA:10,0,1,2
BRDA:22,1,0,0
BRDA:23,2,0,0
BRDA:23,2,1,8
BRDA:37,3,0,2
BRDA:37,3,1,6
BRDA:70,4,0,2
BRDA:70,4,1,0
BRDA:81,5,0,1
BRDA:81,5,1,0
BRDA:92,6,0,1
BRDA:92,6,1,0
BRDA:105,7,0,1
BRDA:105,7,1,0
BRDA:118,8,0,1
BRDA:118,8,1,0
BRDA:139,9,0,3
BRDA:139,9,1,0
BRDA:141,10,0,3
BRDA:141,10,1,2
BRDA:141,11,0,3
BRDA:141,11,1,2
BRDA:142,12,0,3
BRDA:142,12,1,2
BRDA:143,13,0,3
BRDA:143,13,1,2
BRDA:144,14,0,3
BRDA:144,14,1,2
BRDA:144,14,2,2
BRDA:145,15,0,3
BRDA:145,15,1,2
BRDA:146,16,0,3
BRDA:146,16,1,2
BRDA:147,17,0,3
BRDA:147,17,1,2
BRDA:148,18,0,3
BRDA:148,18,1,2
BRDA:149,19,0,3
BRDA:149,19,1,2
BRDA:150,20,0,3
BRDA:150,20,1,2
BRDA:151,21,0,3
BRDA:151,21,1,2
BRDA:152,22,0,3
BRDA:152,22,1,2
BRDA:153,23,0,3
BRDA:153,23,1,2
BRDA:154,24,0,3
BRDA:154,24,1,3
BRDA:155,25,0,3
BRDA:155,25,1,3
BRDA:156,26,0,3
BRDA:156,26,1,3
BRDA:157,27,0,3
BRDA:157,27,1,3
BRF:56
BRH:48
end_of_record
TN:
SF:src/api/chat-service.ts
FNF:0
FNH:0
DA:39,0
DA:40,0
DA:41,0
LF:3
LH:0
BRDA:40,0,0,0
BRDA:40,0,1,0
BRDA:40,1,0,0
BRDA:40,1,1,0
BRF:4
BRH:0
end_of_record
TN:
SF:src/api/grok-service.ts
FN:18,(anonymous_0)
FN:27,(anonymous_1)
FN:48,(anonymous_2)
FNF:3
FNH:0
FNDA:0,(anonymous_0)
FNDA:0,(anonymous_1)
FNDA:0,(anonymous_2)
DA:18,0
DA:27,0
DA:31,0
DA:32,0
DA:33,0
DA:35,0
DA:42,0
DA:44,0
DA:48,0
DA:49,0
LF:10
LH:0
BRDA:19,0,0,0
BRDA:19,0,1,0
BRDA:21,1,0,0
BRDA:21,1,1,0
BRDA:22,2,0,0
BRDA:22,2,1,0
BRDA:23,3,0,0
BRDA:23,3,1,0
BRDA:36,4,0,0
BRDA:36,4,1,0
BRDA:38,5,0,0
BRDA:38,5,1,0
BRDA:39,6,0,0
BRDA:39,6,1,0
BRDA:44,7,0,0
BRDA:44,7,1,0
BRF:16
BRH:0
end_of_record
TN:
SF:src/api/grok.ts
FN:13,(anonymous_0)
FNF:1
FNH:0
FNDA:0,(anonymous_0)
DA:13,0
DA:14,0
LF:2
LH:0
BRF:0
BRH:0
end_of_record
TN:
SF:src/api/image-generation.ts
FN:21,(anonymous_0)
FN:28,(anonymous_1)
FN:48,generateImage
FN:72,convertAspectRatioToSize
FNF:4
FNH:0
FNDA:0,(anonymous_0)
FNDA:0,(anonymous_1)
FNDA:0,generateImage
FNDA:0,convertAspectRatioToSize
DA:10,0
DA:11,0
DA:21,0
DA:28,0
DA:29,0
DA:30,0
DA:31,0
DA:34,0
DA:35,0
DA:36,0
DA:38,0
DA:52,0
DA:53,0
DA:55,0
DA:61,0
DA:63,0
DA:73,0
DA:75,0
DA:77,0
DA:79,0
DA:81,0
LF:21
LH:0
BRDA:29,0,0,0
BRDA:29,0,1,0
BRDA:35,1,0,0
BRDA:35,1,1,0
BRDA:35,2,0,0
BRDA:35,2,1,0
BRDA:63,3,0,0
BRDA:63,3,1,0
BRDA:73,4,0,0
BRDA:73,4,1,0
BRDA:73,4,2,0
BRDA:73,4,3,0
BRF:12
BRH:0
end_of_record
TN:
SF:src/api/openai-service.ts
FN:18,(anonymous_0)
FN:27,(anonymous_1)
FN:48,(anonymous_2)
FNF:3
FNH:0
FNDA:0,(anonymous_0)
FNDA:0,(anonymous_1)
FNDA:0,(anonymous_2)
DA:18,0
DA:27,0
DA:31,0
DA:32,0
DA:33,0
DA:35,0
DA:42,0
DA:44,0
DA:48,0
DA:49,0
LF:10
LH:0
BRDA:19,0,0,0
BRDA:19,0,1,0
BRDA:21,1,0,0
BRDA:21,1,1,0
BRDA:22,2,0,0
BRDA:22,2,1,0
BRDA:23,3,0,0
BRDA:23,3,1,0
BRDA:36,4,0,0
BRDA:36,4,1,0
BRDA:38,5,0,0
BRDA:38,5,1,0
BRDA:39,6,0,0
BRDA:39,6,1,0
BRDA:44,7,0,0
BRDA:44,7,1,0
BRF:16
BRH:0
end_of_record
TN:
SF:src/api/openai.ts
FN:14,(anonymous_0)
FNF:1
FNH:0
FNDA:0,(anonymous_0)
DA:14,0
DA:15,0
LF:2
LH:0
BRF:0
BRH:0
end_of_record
TN:
SF:src/api/secure-ai-proxy.ts
FN:47,secureAIRequest
FN:104,generateMockAIResponse
FN:125,(anonymous_2)
FN:140,(anonymous_3)
FN:160,(anonymous_4)
FN:175,(anonymous_5)
FN:195,(anonymous_6)
FN:210,(anonymous_7)
FN:234,(anonymous_8)
FN:255,(anonymous_9)
FN:260,(anonymous_10)
FN:274,(anonymous_11)
FN:292,(anonymous_12)
FNF:13
FNH:0
FNDA:0,secureAIRequest
FNDA:0,generateMockAIResponse
FNDA:0,(anonymous_2)
FNDA:0,(anonymous_3)
FNDA:0,(anonymous_4)
FNDA:0,(anonymous_5)
FNDA:0,(anonymous_6)
FNDA:0,(anonymous_7)
FNDA:0,(anonymous_8)
FNDA:0,(anonymous_9)
FNDA:0,(anonymous_10)
FNDA:0,(anonymous_11)
FNDA:0,(anonymous_12)
DA:20,1
DA:21,1
DA:24,1
DA:53,0
DA:54,0
DA:55,0
DA:58,0
DA:60,0
DA:65,0
DA:66,0
DA:69,0
DA:70,0
DA:76,0
DA:78,0
DA:79,0
DA:81,0
DA:82,0
DA:84,0
DA:85,0
DA:88,0
DA:89,0
DA:92,0
DA:94,0
DA:95,0
DA:97,0
DA:105,0
DA:106,0
DA:108,0
DA:121,1
DA:130,0
DA:145,0
DA:156,1
DA:165,0
DA:180,0
DA:191,1
DA:200,0
DA:215,0
DA:226,1
DA:240,0
DA:242,0
DA:244,0
DA:246,0
DA:248,0
DA:255,0
DA:260,0
DA:270,1
DA:275,0
DA:281,0
DA:282,0
DA:283,0
DA:286,0
DA:293,0
DA:294,0
DA:297,0
DA:298,0
DA:299,0
DA:303,0
DA:304,0
DA:305,0
DA:308,0
LF:60
LH:8
BRDA:21,0,0,1
BRDA:21,0,1,1
BRDA:53,1,0,0
BRDA:53,1,1,0
BRDA:65,2,0,0
BRDA:65,2,1,0
BRDA:76,3,0,0
BRDA:76,3,1,0
BRDA:78,4,0,0
BRDA:78,4,1,0
BRDA:81,5,0,0
BRDA:81,5,1,0
BRDA:84,6,0,0
BRDA:84,6,1,0
BRDA:94,7,0,0
BRDA:94,7,1,0
BRDA:240,8,0,0
BRDA:240,8,1,0
BRDA:240,8,2,0
BRDA:240,8,3,0
BRDA:276,9,0,0
BRDA:276,9,1,0
BRDA:276,9,2,0
BRDA:281,10,0,0
BRDA:281,10,1,0
BRDA:281,11,0,0
BRDA:281,11,1,0
BRDA:297,12,0,0
BRDA:297,12,1,0
BRDA:303,13,0,0
BRDA:303,13,1,0
BRF:31
BRH:2
end_of_record
TN:
SF:src/api/secure-anthropic-service.ts
FN:25,(anonymous_0)
FN:55,(anonymous_1)
FN:89,(anonymous_2)
FN:96,(anonymous_3)
FN:114,(anonymous_4)
FNF:5
FNH:0
FNDA:0,(anonymous_0)
FNDA:0,(anonymous_1)
FNDA:0,(anonymous_2)
FNDA:0,(anonymous_3)
FNDA:0,(anonymous_4)
DA:25,0
DA:30,0
DA:32,0
DA:39,0
DA:42,0
DA:43,0
DA:55,0
DA:60,0
DA:71,0
DA:72,0
DA:77,0
DA:90,0
DA:97,0
DA:99,0
DA:101,0
DA:103,0
DA:106,0
DA:114,0
DA:116,0
DA:117,0
DA:118,0
DA:123,0
LF:22
LH:0
BRDA:42,0,0,0
BRDA:42,0,1,0
BRDA:97,1,0,0
BRDA:97,1,1,0
BRDA:97,1,2,0
BRDA:97,1,3,0
BRDA:97,1,4,0
BRDA:116,2,0,0
BRDA:116,2,1,0
BRDA:116,3,0,0
BRDA:116,3,1,0
BRF:11
BRH:0
end_of_record
TN:
SF:src/api/secure-grok-service.ts
FN:25,(anonymous_0)
FN:55,(anonymous_1)
FN:88,(anonymous_2)
FN:95,(anonymous_3)
FN:114,(anonymous_4)
FN:121,(anonymous_5)
FN:133,(anonymous_6)
FN:152,(anonymous_7)
FN:169,(anonymous_8)
FN:191,(anonymous_9)
FN:204,(anonymous_10)
FN:217,(anonymous_11)
FNF:12
FNH:0
FNDA:0,(anonymous_0)
FNDA:0,(anonymous_1)
FNDA:0,(anonymous_2)
FNDA:0,(anonymous_3)
FNDA:0,(anonymous_4)
FNDA:0,(anonymous_5)
FNDA:0,(anonymous_6)
FNDA:0,(anonymous_7)
FNDA:0,(anonymous_8)
FNDA:0,(anonymous_9)
FNDA:0,(anonymous_10)
FNDA:0,(anonymous_11)
DA:25,0
DA:30,0
DA:32,0
DA:39,0
DA:42,0
DA:43,0
DA:55,0
DA:60,0
DA:71,0
DA:72,0
DA:77,0
DA:89,0
DA:96,0
DA:98,0
DA:100,0
DA:102,0
DA:104,0
DA:107,0
DA:115,0
DA:122,0
DA:129,0
DA:138,0
DA:140,0
DA:146,0
DA:157,0
DA:163,0
DA:174,0
DA:180,0
DA:187,0
DA:192,0
DA:194,0
DA:195,0
DA:198,0
DA:205,0
DA:217,0
DA:219,0
DA:220,0
DA:221,0
DA:226,0
LF:39
LH:0
BRDA:42,0,0,0
BRDA:42,0,1,0
BRDA:96,1,0,0
BRDA:96,1,1,0
BRDA:96,1,2,0
BRDA:96,1,3,0
BRDA:96,1,4,0
BRDA:96,1,5,0
BRDA:194,2,0,0
BRDA:194,2,1,0
BRDA:219,3,0,0
BRDA:219,3,1,0
BRDA:219,4,0,0
BRDA:219,4,1,0
BRF:14
BRH:0
end_of_record
TN:
SF:src/api/secure-openai-service.ts
FN:25,(anonymous_0)
FN:55,(anonymous_1)
FN:90,(anonymous_2)
FN:97,(anonymous_3)
FN:114,(anonymous_4)
FN:126,(anonymous_5)
FN:144,(anonymous_6)
FN:169,(anonymous_7)
FNF:8
FNH:0
FNDA:0,(anonymous_0)
FNDA:0,(anonymous_1)
FNDA:0,(anonymous_2)
FNDA:0,(anonymous_3)
FNDA:0,(anonymous_4)
FNDA:0,(anonymous_5)
FNDA:0,(anonymous_6)
FNDA:0,(anonymous_7)
DA:25,0
DA:30,0
DA:32,0
DA:39,0
DA:42,0
DA:43,0
DA:55,0
DA:60,0
DA:71,0
DA:72,0
DA:77,0
DA:91,0
DA:98,0
DA:100,0
DA:102,0
DA:104,0
DA:107,0
DA:115,0
DA:122,0
DA:132,0
DA:138,0
DA:150,0
DA:157,0
DA:162,0
DA:169,0
DA:171,0
DA:172,0
DA:173,0
DA:178,0
LF:29
LH:0
BRDA:42,0,0,0
BRDA:42,0,1,0
BRDA:98,1,0,0
BRDA:98,1,1,0
BRDA:98,1,2,0
BRDA:98,1,3,0
BRDA:98,1,4,0
BRDA:171,2,0,0
BRDA:171,2,1,0
BRDA:171,3,0,0
BRDA:171,3,1,0
BRF:11
BRH:0
end_of_record
TN:
SF:src/api/security-warning.ts
FN:30,(anonymous_0)
FN:46,(anonymous_1)
FNF:2
FNH:0
FNDA:0,(anonymous_0)
FNDA:0,(anonymous_1)
DA:30,0
DA:31,0
DA:32,0
DA:38,0
DA:39,0
DA:46,0
DA:47,0
DA:48,0
DA:54,0
DA:55,0
LF:10
LH:0
BRDA:31,0,0,0
BRDA:31,0,1,0
BRDA:38,1,0,0
BRDA:38,1,1,0
BRDA:49,2,0,0
BRDA:49,2,1,0
BRDA:49,2,2,0
BRDA:54,3,0,0
BRDA:54,3,1,0
BRDA:54,4,0,0
BRDA:54,4,1,0
BRF:11
BRH:0
end_of_record
TN:
SF:src/api/training-ai.ts
FN:10,(anonymous_0)
FN:16,(anonymous_1)
FN:67,(anonymous_2)
FN:79,(anonymous_3)
FN:92,(anonymous_4)
FN:112,(anonymous_5)
FN:122,(anonymous_6)
FN:126,(anonymous_7)
FN:148,(anonymous_8)
FN:165,(anonymous_9)
FN:182,(anonymous_10)
FN:188,(anonymous_11)
FN:215,(anonymous_12)
FN:235,(anonymous_13)
FN:255,(anonymous_14)
FN:286,(anonymous_15)
FN:297,(anonymous_16)
FN:317,(anonymous_17)
FN:319,(anonymous_18)
FN:328,(anonymous_19)
FN:343,(anonymous_20)
FNF:21
FNH:0
FNDA:0,(anonymous_0)
FNDA:0,(anonymous_1)
FNDA:0,(anonymous_2)
FNDA:0,(anonymous_3)
FNDA:0,(anonymous_4)
FNDA:0,(anonymous_5)
FNDA:0,(anonymous_6)
FNDA:0,(anonymous_7)
FNDA:0,(anonymous_8)
FNDA:0,(anonymous_9)
FNDA:0,(anonymous_10)
FNDA:0,(anonymous_11)
FNDA:0,(anonymous_12)
FNDA:0,(anonymous_13)
FNDA:0,(anonymous_14)
FNDA:0,(anonymous_15)
FNDA:0,(anonymous_16)
FNDA:0,(anonymous_17)
FNDA:0,(anonymous_18)
FNDA:0,(anonymous_19)
FNDA:0,(anonymous_20)
DA:10,0
DA:11,0
DA:12,0
DA:13,0
DA:16,0
DA:17,0
DA:19,0
DA:23,0
DA:29,0
DA:67,0
DA:79,0
DA:92,0
DA:93,0
DA:94,0
DA:96,0
DA:112,0
DA:113,0
DA:114,0
DA:115,0
DA:116,0
DA:118,0
DA:122,0
DA:123,0
DA:126,0
DA:148,0
DA:165,0
DA:182,0
DA:183,0
DA:184,0
DA:188,0
DA:189,0
DA:190,0
DA:192,0
DA:203,0
DA:204,0
DA:206,0
DA:208,0
DA:215,0
DA:216,0
DA:235,0
DA:236,0
DA:255,0
DA:261,0
DA:262,0
DA:264,0
DA:275,0
DA:277,0
DA:286,0
DA:287,0
DA:294,0
DA:297,0
DA:298,0
DA:317,0
DA:318,0
DA:319,0
DA:320,0
DA:322,0
DA:323,0
DA:325,0
DA:328,0
DA:329,0
DA:337,0
DA:343,0
DA:349,0
DA:350,0
DA:351,0
DA:353,0
DA:364,0
DA:366,0
LF:69
LH:0
BRDA:11,0,0,0
BRDA:11,0,1,0
BRDA:12,1,0,0
BRDA:12,1,1,0
BRDA:19,2,0,0
BRDA:19,2,1,0
BRDA:23,3,0,0
BRDA:23,3,1,0
BRDA:39,4,0,0
BRDA:39,4,1,0
BRDA:93,5,0,0
BRDA:93,5,1,0
BRDA:94,6,0,0
BRDA:94,6,1,0
BRDA:115,7,0,0
BRDA:115,7,1,0
BRDA:130,8,0,0
BRDA:130,8,1,0
BRDA:132,9,0,0
BRDA:132,9,1,0
BRDA:183,10,0,0
BRDA:183,10,1,0
BRDA:183,11,0,0
BRDA:183,11,1,0
BRDA:183,11,2,0
BRDA:304,12,0,0
BRDA:304,12,1,0
BRDA:319,13,0,0
BRDA:319,13,1,0
BRDA:320,14,0,0
BRDA:320,14,1,0
BRDA:322,15,0,0
BRDA:322,15,1,0
BRF:33
BRH:0
end_of_record
TN:
SF:src/api/transcribe-audio.ts
FN:12,(anonymous_0)
FNF:1
FNH:0
FNDA:0,(anonymous_0)
DA:12,0
DA:13,0
DA:15,0
DA:16,0
DA:21,0
DA:22,0
DA:23,0
DA:25,0
DA:26,0
DA:27,0
DA:31,0
DA:39,0
DA:40,0
DA:41,0
DA:44,0
DA:45,0
DA:47,0
DA:48,0
LF:18
LH:0
BRDA:26,0,0,0
BRDA:26,0,1,0
BRDA:39,1,0,0
BRDA:39,1,1,0
BRF:4
BRH:0
end_of_record
TN:
SF:src/components/AchievementsGallery.tsx
FNF:0
FNH:0
LF:0
LH:0
BRF:0
BRH:0
end_of_record
TN:
SF:src/components/AvatarCustomization.tsx
FN:16,(anonymous_0)
FN:42,(anonymous_1)
FN:74,(anonymous_2)
FN:91,(anonymous_3)
FNF:4
FNH:0
FNDA:0,(anonymous_0)
FNDA:0,(anonymous_1)
FNDA:0,(anonymous_2)
FNDA:0,(anonymous_3)
DA:16,0
DA:17,0
DA:42,0
DA:53,0
DA:74,0
DA:75,0
DA:91,0
DA:96,0
DA:98,0
LF:9
LH:0
BRF:0
BRH:0
end_of_record
TN:
SF:src/components/AvatarDisplay.tsx
FN:24,(anonymous_0)
FNF:1
FNH:0
FNDA:0,(anonymous_0)
DA:24,0
DA:30,0
DA:31,0
DA:33,0
DA:34,0
DA:36,0
DA:37,0
DA:48,0
LF:8
LH:0
BRDA:26,0,0,0
BRDA:36,1,0,0
BRDA:36,1,1,0
BRF:3
BRH:0
end_of_record
TN:
SF:src/components/AvatarMini.tsx
FNF:0
FNH:0
LF:0
LH:0
BRF:0
BRH:0
end_of_record
TN:
SF:src/components/DashboardNews.tsx
FN:20,(anonymous_0)
FN:30,(anonymous_1)
FN:42,(anonymous_2)
FN:55,(anonymous_3)
FN:64,(anonymous_4)
FN:82,(anonymous_5)
FN:85,(anonymous_6)
FNF:7
FNH:0
FNDA:0,(anonymous_0)
FNDA:0,(anonymous_1)
FNDA:0,(anonymous_2)
FNDA:0,(anonymous_3)
FNDA:0,(anonymous_4)
FNDA:0,(anonymous_5)
FNDA:0,(anonymous_6)
DA:20,0
DA:21,0
DA:30,0
DA:31,0
DA:42,0
DA:43,0
DA:55,0
DA:60,0
DA:65,0
DA:82,0
DA:83,0
DA:85,0
DA:86,0
DA:89,0
DA:90,0
DA:92,0
DA:93,0
DA:95,0
LF:18
LH:0
BRDA:69,0,0,0
BRDA:69,0,1,0
BRDA:92,1,0,0
BRDA:92,1,1,0
BRDA:93,2,0,0
BRDA:93,2,1,0
BRF:6
BRH:0
end_of_record
TN:
SF:src/components/ErrorBoundary.tsx
FN:15,(anonymous_0)
FN:20,(anonymous_1)
FN:24,(anonymous_2)
FN:34,(anonymous_3)
FN:61,(anonymous_4)
FNF:5
FNH:4
FNDA:10,(anonymous_0)
FNDA:8,(anonymous_1)
FNDA:4,(anonymous_2)
FNDA:21,(anonymous_3)
FNDA:0,(anonymous_4)
DA:16,10
DA:17,9
DA:21,8
DA:25,4
DA:28,4
DA:30,1
DA:35,21
DA:36,12
DA:37,3
DA:40,9
DA:61,0
DA:82,9
LF:12
LH:11
BRDA:28,0,0,1
BRDA:28,0,1,3
BRDA:35,1,0,12
BRDA:35,1,1,9
BRDA:36,2,0,3
BRDA:36,2,1,9
BRDA:68,3,0,9
BRDA:68,3,1,3
BRDA:68,3,2,3
BRF:9
BRH:9
end_of_record
TN:
SF:src/components/ErrorBoundaryWithRetry.tsx
FN:23,(anonymous_0)
FN:31,(anonymous_1)
FN:35,(anonymous_2)
FN:65,(anonymous_3)
FN:71,(anonymous_4)
FN:76,(anonymous_5)
FN:84,(anonymous_6)
FN:90,(anonymous_7)
FN:138,(anonymous_8)
FN:146,(anonymous_9)
FNF:10
FNH:9
FNDA:21,(anonymous_0)
FNDA:22,(anonymous_1)
FNDA:11,(anonymous_2)
FNDA:11,(anonymous_3)
FNDA:2,(anonymous_4)
FNDA:4,(anonymous_5)
FNDA:1,(anonymous_6)
FNDA:60,(anonymous_7)
FNDA:0,(anonymous_8)
FNDA:1,(anonymous_9)
DA:21,20
DA:24,21
DA:25,20
DA:32,22
DA:36,11
DA:37,11
DA:39,11
DA:42,11
DA:43,1
DA:47,11
DA:57,11
DA:59,1
DA:61,10
DA:66,11
DA:67,2
DA:71,20
DA:72,2
DA:73,2
DA:75,2
DA:76,4
DA:84,2
DA:85,1
DA:91,60
DA:92,60
DA:94,60
DA:95,36
DA:96,3
DA:99,33
DA:101,33
DA:138,0
DA:146,1
DA:182,24
LF:32
LH:31
BRDA:42,0,0,1
BRDA:42,0,1,10
BRDA:57,1,0,1
BRDA:57,1,1,10
BRDA:66,2,0,2
BRDA:66,2,1,9
BRDA:72,3,0,1
BRDA:75,4,0,2
BRDA:75,4,1,0
BRDA:92,5,0,43
BRDA:94,6,0,36
BRDA:94,6,1,24
BRDA:94,7,0,60
BRDA:94,7,1,36
BRDA:95,8,0,3
BRDA:95,8,1,33
BRDA:117,9,0,33
BRDA:117,9,1,8
BRDA:129,10,0,33
BRDA:129,10,1,33
BRDA:153,11,0,33
BRDA:153,11,1,11
BRDA:164,12,0,11
BRDA:164,12,1,11
BRDA:169,13,0,11
BRDA:169,13,1,5
BRF:26
BRH:25
end_of_record
TN:
SF:src/components/FileUpload.tsx
FN:57,(anonymous_0)
FN:69,(anonymous_1)
FN:82,(anonymous_2)
FN:93,(anonymous_3)
FNF:4
FNH:0
FNDA:0,(anonymous_0)
FNDA:0,(anonymous_1)
FNDA:0,(anonymous_2)
FNDA:0,(anonymous_3)
DA:57,0
DA:58,0
DA:69,0
DA:82,0
DA:83,0
DA:93,0
DA:103,0
DA:104,0
DA:106,0
LF:9
LH:0
BRDA:97,0,0,0
BRDA:98,1,0,0
BRDA:101,2,0,0
BRDA:108,3,0,0
BRDA:108,3,1,0
BRF:5
BRH:0
end_of_record
TN:
SF:src/components/LootboxAnimation.tsx
FN:15,(anonymous_0)
FNF:1
FNH:0
FNDA:0,(anonymous_0)
DA:15,0
DA:20,0
DA:22,0
LF:3
LH:0
BRDA:18,0,0,0
BRDA:35,1,0,0
BRDA:35,1,1,0
BRDA:35,1,2,0
BRF:4
BRH:0
end_of_record
TN:
SF:src/components/Quiz.tsx
FN:15,(anonymous_0)
FNF:1
FNH:0
FNDA:0,(anonymous_0)
DA:15,0
DA:16,0
DA:31,0
DA:40,0
LF:4
LH:0
BRF:0
BRH:0
end_of_record
TN:
SF:src/components/SkillsDisplay.tsx
FN:23,(anonymous_0)
FN:55,(anonymous_1)
FNF:2
FNH:0
FNDA:0,(anonymous_0)
FNDA:0,(anonymous_1)
DA:23,0
DA:30,0
DA:31,0
DA:33,0
DA:34,0
DA:44,0
DA:50,0
DA:56,0
LF:8
LH:0
BRDA:25,0,0,0
BRDA:26,1,0,0
BRDA:27,2,0,0
BRDA:33,3,0,0
BRDA:33,3,1,0
BRF:5
BRH:0
end_of_record
TN:
SF:src/components/TeamCalendarView.tsx
FN:36,(anonymous_0)
FN:41,(anonymous_1)
FN:45,(anonymous_2)
FN:47,(anonymous_3)
FN:54,(anonymous_4)
FN:58,(anonymous_5)
FN:66,(anonymous_6)
FN:74,(anonymous_7)
FN:79,(anonymous_8)
FN:105,(anonymous_9)
FN:121,(anonymous_10)
FN:133,(anonymous_11)
FN:134,(anonymous_12)
FNF:13
FNH:0
FNDA:0,(anonymous_0)
FNDA:0,(anonymous_1)
FNDA:0,(anonymous_2)
FNDA:0,(anonymous_3)
FNDA:0,(anonymous_4)
FNDA:0,(anonymous_5)
FNDA:0,(anonymous_6)
FNDA:0,(anonymous_7)
FNDA:0,(anonymous_8)
FNDA:0,(anonymous_9)
FNDA:0,(anonymous_10)
FNDA:0,(anonymous_11)
FNDA:0,(anonymous_12)
DA:36,0
DA:37,0
DA:38,0
DA:39,0
DA:41,0
DA:42,0
DA:45,0
DA:46,0
DA:47,0
DA:48,0
DA:49,0
DA:51,0
DA:54,0
DA:55,0
DA:57,0
DA:58,0
DA:59,0
DA:60,0
DA:63,0
DA:66,0
DA:67,0
DA:68,0
DA:69,0
DA:72,0
DA:74,0
DA:75,0
DA:78,0
DA:79,0
DA:80,0
DA:81,0
DA:84,0
DA:105,0
DA:113,0
DA:115,0
DA:121,0
DA:133,0
DA:134,0
LF:37
LH:0
BRDA:55,0,0,0
BRDA:55,0,1,0
BRDA:59,1,0,0
BRDA:59,1,1,0
BRDA:75,2,0,0
BRDA:75,2,1,0
BRDA:80,3,0,0
BRDA:80,3,1,0
BRDA:110,4,0,0
BRDA:111,5,0,0
BRDA:121,6,0,0
BRDA:121,6,1,0
BRF:12
BRH:0
end_of_record
TN:
SF:src/components/ToastProvider.tsx
FN:11,(anonymous_0)
FN:15,(anonymous_1)
FN:16,(anonymous_2)
FN:23,(anonymous_3)
FN:30,(anonymous_4)
FN:113,(anonymous_5)
FNF:6
FNH:0
FNDA:0,(anonymous_0)
FNDA:0,(anonymous_1)
FNDA:0,(anonymous_2)
FNDA:0,(anonymous_3)
FNDA:0,(anonymous_4)
FNDA:0,(anonymous_5)
DA:11,0
DA:12,0
DA:15,0
DA:16,0
DA:17,0
DA:18,0
DA:22,0
DA:23,0
DA:26,0
DA:28,0
DA:31,0
DA:113,0
DA:135,0
DA:136,0
DA:151,0
LF:15
LH:0
BRDA:17,0,0,0
BRDA:17,0,1,0
BRDA:17,1,0,0
BRDA:17,1,1,0
BRDA:26,2,0,0
BRDA:26,2,1,0
BRDA:45,3,0,0
BRDA:45,3,1,0
BRDA:50,4,0,0
BRDA:50,4,1,0
BRDA:55,5,0,0
BRDA:55,5,1,0
BRDA:60,6,0,0
BRDA:60,6,1,0
BRDA:80,7,0,0
BRDA:80,7,1,0
BRDA:93,8,0,0
BRDA:93,8,1,0
BRF:18
BRH:0
end_of_record
TN:
SF:src/components/VideoPlayer.tsx
FN:28,(anonymous_0)
FN:63,(anonymous_1)
FN:71,(anonymous_2)
FN:77,(anonymous_3)
FN:101,(anonymous_4)
FN:102,(anonymous_5)
FNF:6
FNH:0
FNDA:0,(anonymous_0)
FNDA:0,(anonymous_1)
FNDA:0,(anonymous_2)
FNDA:0,(anonymous_3)
FNDA:0,(anonymous_4)
FNDA:0,(anonymous_5)
DA:28,0
DA:41,0
DA:63,0
DA:64,0
DA:71,0
DA:72,0
DA:73,0
DA:74,0
DA:77,0
DA:78,0
DA:79,0
DA:80,0
DA:82,0
DA:101,0
DA:102,0
LF:15
LH:0
BRDA:72,0,0,0
BRDA:72,0,1,0
BRDA:73,1,0,0
BRDA:73,1,1,0
BRDA:91,2,0,0
BRDA:91,2,1,0
BRDA:107,3,0,0
BRDA:107,3,1,0
BRDA:116,4,0,0
BRDA:116,4,1,0
BRDA:116,4,2,0
BRF:11
BRH:0
end_of_record
TN:
SF:src/components/YearView.tsx
FN:17,(anonymous_0)
FN:48,(anonymous_1)
FN:50,(anonymous_2)
FN:64,(anonymous_3)
FN:71,(anonymous_4)
FNF:5
FNH:0
FNDA:0,(anonymous_0)
FNDA:0,(anonymous_1)
FNDA:0,(anonymous_2)
FNDA:0,(anonymous_3)
FNDA:0,(anonymous_4)
DA:17,0
DA:18,0
DA:48,0
DA:49,0
DA:51,0
DA:64,0
DA:71,0
DA:72,0
DA:74,0
LF:9
LH:0
BRF:0
BRH:0
end_of_record
TN:
SF:src/components/achievements/AchievementCard.tsx
FN:17,(anonymous_0)
FNF:1
FNH:0
FNDA:0,(anonymous_0)
DA:17,0
DA:18,0
LF:2
LH:0
BRDA:18,0,0,0
BRDA:18,0,1,0
BRF:2
BRH:0
end_of_record
TN:
SF:src/components/achievements/AchievementCardGrid.tsx
FN:30,(anonymous_0)
FN:40,(anonymous_1)
FN:72,(anonymous_2)
FN:92,(anonymous_3)
FN:137,(anonymous_4)
FNF:5
FNH:0
FNDA:0,(anonymous_0)
FNDA:0,(anonymous_1)
FNDA:0,(anonymous_2)
FNDA:0,(anonymous_3)
FNDA:0,(anonymous_4)
DA:16,0
DA:23,0
DA:30,0
DA:31,0
DA:37,0
DA:40,0
DA:41,0
DA:42,0
DA:44,0
DA:72,0
DA:73,0
DA:92,0
DA:93,0
DA:137,0
DA:144,0
LF:15
LH:0
BRDA:37,0,0,0
BRDA:37,0,1,0
BRDA:77,1,0,0
BRDA:77,1,1,0
BRDA:82,2,0,0
BRDA:82,2,1,0
BRDA:82,2,2,0
BRDA:84,3,0,0
BRDA:84,3,1,0
BRDA:84,3,2,0
BRDA:96,4,0,0
BRDA:96,4,1,0
BRDA:103,5,0,0
BRDA:103,5,1,0
BRDA:115,6,0,0
BRDA:115,6,1,0
BRDA:115,6,2,0
BRDA:121,7,0,0
BRDA:121,7,1,0
BRDA:121,7,2,0
BRDA:141,8,0,0
BRDA:147,9,0,0
BRDA:147,9,1,0
BRDA:150,10,0,0
BRDA:150,10,1,0
BRF:25
BRH:0
end_of_record
TN:
SF:src/components/achievements/AchievementCardList.tsx
FN:30,(anonymous_0)
FN:40,(anonymous_1)
FN:55,(anonymous_2)
FN:80,(anonymous_3)
FN:117,(anonymous_4)
FNF:5
FNH:0
FNDA:0,(anonymous_0)
FNDA:0,(anonymous_1)
FNDA:0,(anonymous_2)
FNDA:0,(anonymous_3)
FNDA:0,(anonymous_4)
DA:16,0
DA:23,0
DA:30,0
DA:31,0
DA:37,0
DA:40,0
DA:41,0
DA:55,0
DA:56,0
DA:80,0
DA:81,0
DA:117,0
DA:124,0
LF:13
LH:0
BRDA:37,0,0,0
BRDA:37,0,1,0
BRDA:59,1,0,0
BRDA:59,1,1,0
BRDA:62,2,0,0
BRDA:62,2,1,0
BRDA:62,2,2,0
BRDA:86,3,0,0
BRDA:86,3,1,0
BRDA:92,4,0,0
BRDA:92,4,1,0
BRDA:105,5,0,0
BRDA:105,5,1,0
BRDA:105,5,2,0
BRDA:113,6,0,0
BRDA:113,6,1,0
BRDA:113,6,2,0
BRDA:121,7,0,0
BRDA:127,8,0,0
BRDA:127,8,1,0
BRDA:130,9,0,0
BRDA:130,9,1,0
BRF:22
BRH:0
end_of_record
TN:
SF:src/components/achievements/AchievementGrid.tsx
FN:19,(anonymous_0)
FN:26,(anonymous_1)
FN:27,(anonymous_2)
FN:38,(anonymous_3)
FNF:4
FNH:0
FNDA:0,(anonymous_0)
FNDA:0,(anonymous_1)
FNDA:0,(anonymous_2)
FNDA:0,(anonymous_3)
DA:14,0
DA:19,0
DA:25,0
DA:27,0
DA:28,0
DA:30,0
DA:38,0
LF:7
LH:0
BRDA:36,0,0,0
BRDA:36,0,1,0
BRF:2
BRH:0
end_of_record
TN:
SF:src/components/achievements/AchievementModal.tsx
FN:25,(anonymous_0)
FN:35,(anonymous_1)
FNF:2
FNH:0
FNDA:0,(anonymous_0)
FNDA:0,(anonymous_1)
DA:11,0
DA:18,0
DA:25,0
DA:26,0
DA:32,0
DA:35,0
DA:39,0
LF:7
LH:0
BRDA:32,0,0,0
BRDA:32,0,1,0
BRF:2
BRH:0
end_of_record
TN:
SF:src/components/achievements/AchievementsGallery.tsx
FN:38,(anonymous_0)
FN:51,(anonymous_1)
FN:60,(anonymous_2)
FN:72,(anonymous_3)
FN:83,(anonymous_4)
FN:103,(anonymous_5)
FN:141,(anonymous_6)
FNF:7
FNH:0
FNDA:0,(anonymous_0)
FNDA:0,(anonymous_1)
FNDA:0,(anonymous_2)
FNDA:0,(anonymous_3)
FNDA:0,(anonymous_4)
FNDA:0,(anonymous_5)
FNDA:0,(anonymous_6)
DA:38,0
DA:39,0
DA:51,0
DA:60,0
DA:72,0
DA:73,0
DA:75,0
DA:76,0
DA:78,0
DA:79,0
DA:80,0
DA:81,0
DA:83,0
DA:84,0
DA:91,0
DA:103,0
DA:111,0
DA:113,0
DA:141,0
LF:19
LH:0
BRDA:51,0,0,0
BRDA:51,0,1,0
BRDA:54,1,0,0
BRDA:54,1,1,0
BRDA:60,2,0,0
BRDA:60,2,1,0
BRDA:63,3,0,0
BRDA:63,3,1,0
BRDA:72,4,0,0
BRDA:75,5,0,0
BRDA:75,5,1,0
BRDA:105,6,0,0
BRDA:106,7,0,0
BRDA:107,8,0,0
BRDA:136,9,0,0
BRDA:136,9,1,0
BRDA:138,10,0,0
BRDA:138,10,1,0
BRF:18
BRH:0
end_of_record
TN:
SF:src/components/achievements/CategoryFilter.tsx
FN:14,(anonymous_0)
FN:20,(anonymous_1)
FN:26,(anonymous_2)
FNF:3
FNH:0
FNDA:0,(anonymous_0)
FNDA:0,(anonymous_1)
FNDA:0,(anonymous_2)
DA:14,0
DA:19,0
DA:21,0
DA:23,0
DA:26,0
LF:5
LH:0
BRDA:29,0,0,0
BRDA:29,0,1,0
BRF:2
BRH:0
end_of_record
TN:
SF:src/components/achievements/EmptyState.tsx
FN:3,(anonymous_0)
FNF:1
FNH:0
FNDA:0,(anonymous_0)
DA:3,0
DA:4,0
LF:2
LH:0
BRF:0
BRH:0
end_of_record
TN:
SF:src/components/achievements/ProgressHeader.tsx
FN:9,(anonymous_0)
FNF:1
FNH:0
FNDA:0,(anonymous_0)
DA:9,0
DA:14,0
LF:2
LH:0
BRF:0
BRH:0
end_of_record
TN:
SF:src/components/achievements/index.ts
FNF:0
FNH:0
LF:0
LH:0
BRF:0
BRH:0
end_of_record
TN:
SF:src/components/achievements/useAchievementFilters.ts
FN:12,(anonymous_0)
FN:18,(anonymous_1)
FN:29,(anonymous_2)
FN:36,(anonymous_3)
FNF:4
FNH:0
FNDA:0,(anonymous_0)
FNDA:0,(anonymous_1)
FNDA:0,(anonymous_2)
FNDA:0,(anonymous_3)
DA:3,0
DA:12,0
DA:18,0
DA:20,0
DA:21,0
DA:25,0
DA:29,0
DA:33,0
DA:34,0
DA:36,0
LF:10
LH:0
BRDA:20,0,0,0
BRDA:20,0,1,0
BRDA:20,1,0,0
BRDA:20,1,1,0
BRDA:25,2,0,0
BRDA:25,2,1,0
BRDA:33,3,0,0
BRDA:33,3,1,0
BRF:8
BRH:0
end_of_record
TN:
SF:src/components/avatar/AccessoryTab.tsx
FN:16,(anonymous_0)
FN:31,(anonymous_1)
FN:87,(anonymous_2)
FN:88,(anonymous_3)
FN:89,(anonymous_4)
FN:92,(anonymous_5)
FN:96,(anonymous_6)
FN:110,(anonymous_7)
FN:117,(anonymous_8)
FN:129,(anonymous_9)
FN:137,(anonymous_10)
FN:148,(anonymous_11)
FN:156,(anonymous_12)
FN:168,(anonymous_13)
FNF:14
FNH:0
FNDA:0,(anonymous_0)
FNDA:0,(anonymous_1)
FNDA:0,(anonymous_2)
FNDA:0,(anonymous_3)
FNDA:0,(anonymous_4)
FNDA:0,(anonymous_5)
FNDA:0,(anonymous_6)
FNDA:0,(anonymous_7)
FNDA:0,(anonymous_8)
FNDA:0,(anonymous_9)
FNDA:0,(anonymous_10)
FNDA:0,(anonymous_11)
FNDA:0,(anonymous_12)
FNDA:0,(anonymous_13)
DA:16,0
DA:17,0
DA:22,0
DA:31,0
DA:32,0
DA:87,0
DA:88,0
DA:89,0
DA:92,0
DA:93,0
DA:96,0
DA:97,0
DA:100,0
DA:110,0
DA:111,0
DA:118,0
DA:119,0
DA:120,0
DA:122,0
DA:129,0
DA:137,0
DA:146,0
DA:148,0
DA:149,0
DA:150,0
DA:152,0
DA:153,0
DA:156,0
DA:157,0
DA:158,0
DA:159,0
DA:160,0
DA:162,0
DA:166,0
DA:169,0
LF:35
LH:0
BRDA:22,0,0,0
BRDA:22,0,1,0
BRDA:36,1,0,0
BRDA:36,1,1,0
BRDA:38,2,0,0
BRDA:38,2,1,0
BRDA:38,3,0,0
BRDA:38,3,1,0
BRDA:40,4,0,0
BRDA:40,4,1,0
BRDA:44,5,0,0
BRDA:44,5,1,0
BRDA:44,5,2,0
BRDA:58,6,0,0
BRDA:58,6,1,0
BRDA:58,6,2,0
BRDA:61,7,0,0
BRDA:61,7,1,0
BRDA:67,8,0,0
BRDA:67,8,1,0
BRDA:73,9,0,0
BRDA:73,9,1,0
BRDA:73,9,2,0
BRDA:79,10,0,0
BRDA:79,10,1,0
BRDA:93,11,0,0
BRDA:93,11,1,0
BRDA:149,12,0,0
BRDA:149,12,1,0
BRDA:157,13,0,0
BRDA:157,13,1,0
BRDA:159,14,0,0
BRDA:159,14,1,0
BRDA:159,15,0,0
BRDA:159,15,1,0
BRF:35
BRH:0
end_of_record
TN:
SF:src/components/avatar/AchievementsGrid.tsx
FN:16,(anonymous_0)
FN:24,(anonymous_1)
FNF:2
FNH:0
FNDA:0,(anonymous_0)
FNDA:0,(anonymous_1)
DA:16,0
DA:19,0
DA:25,0
LF:3
LH:0
BRDA:22,0,0,0
BRDA:22,0,1,0
BRDA:31,1,0,0
BRDA:31,1,1,0
BRDA:32,2,0,0
BRDA:32,2,1,0
BRDA:33,3,0,0
BRDA:33,3,1,0
BRDA:45,4,0,0
BRDA:45,4,1,0
BRF:10
BRH:0
end_of_record
TN:
SF:src/components/avatar/AvatarCircle.tsx
FN:14,(anonymous_0)
FNF:1
FNH:0
FNDA:0,(anonymous_0)
DA:14,0
DA:20,0
DA:21,0
DA:22,0
DA:24,0
LF:5
LH:0
BRDA:16,0,0,0
BRDA:18,1,0,0
BRDA:27,2,0,0
BRDA:27,2,1,0
BRDA:53,3,0,0
BRDA:53,3,1,0
BRF:6
BRH:0
end_of_record
TN:
SF:src/components/avatar/AvatarMini.tsx
FN:18,(anonymous_0)
FN:28,(anonymous_1)
FN:39,(anonymous_2)
FN:48,(anonymous_3)
FN:63,(anonymous_4)
FN:70,(anonymous_5)
FN:83,(anonymous_6)
FNF:7
FNH:0
FNDA:0,(anonymous_0)
FNDA:0,(anonymous_1)
FNDA:0,(anonymous_2)
FNDA:0,(anonymous_3)
FNDA:0,(anonymous_4)
FNDA:0,(anonymous_5)
FNDA:0,(anonymous_6)
DA:18,0
DA:19,0
DA:28,0
DA:29,0
DA:39,0
DA:40,0
DA:48,0
DA:49,0
DA:63,0
DA:64,0
DA:70,0
DA:76,0
DA:77,0
DA:79,0
DA:80,0
DA:83,0
DA:84,0
DA:87,0
LF:18
LH:0
BRDA:31,0,0,0
BRDA:31,0,1,0
BRDA:74,1,0,0
BRDA:79,2,0,0
BRDA:79,2,1,0
BRDA:84,3,0,0
BRDA:84,3,1,0
BRDA:91,4,0,0
BRDA:91,4,1,0
BRF:9
BRH:0
end_of_record
TN:
SF:src/components/avatar/AvatarPreview.tsx
FN:11,(anonymous_0)
FN:44,(anonymous_1)
FNF:2
FNH:0
FNDA:0,(anonymous_0)
FNDA:0,(anonymous_1)
DA:11,0
DA:15,0
DA:45,0
LF:3
LH:0
BRDA:32,0,0,0
BRDA:32,0,1,0
BRDA:39,1,0,0
BRDA:39,1,1,0
BRDA:51,2,0,0
BRDA:51,2,1,0
BRDA:52,3,0,0
BRDA:52,3,1,0
BRDA:53,4,0,0
BRDA:53,4,1,0
BRF:10
BRH:0
end_of_record
TN:
SF:src/components/avatar/AvatarUpload.tsx
FN:24,(anonymous_0)
FN:68,(anonymous_1)
FN:71,(anonymous_2)
FN:76,(anonymous_3)
FN:103,(anonymous_4)
FN:112,(anonymous_5)
FN:137,(anonymous_6)
FN:144,(anonymous_7)
FNF:8
FNH:0
FNDA:0,(anonymous_0)
FNDA:0,(anonymous_1)
FNDA:0,(anonymous_2)
FNDA:0,(anonymous_3)
FNDA:0,(anonymous_4)
FNDA:0,(anonymous_5)
FNDA:0,(anonymous_6)
FNDA:0,(anonymous_7)
DA:24,0
DA:25,0
DA:68,0
DA:69,0
DA:71,0
DA:72,0
DA:73,0
DA:76,0
DA:77,0
DA:78,0
DA:81,0
DA:103,0
DA:110,0
DA:112,0
DA:113,0
DA:114,0
DA:118,0
DA:137,0
DA:144,0
LF:19
LH:0
BRDA:27,0,0,0
BRDA:27,0,1,0
BRDA:53,1,0,0
BRDA:53,1,1,0
BRDA:106,2,0,0
BRDA:108,3,0,0
BRDA:113,4,0,0
BRDA:113,4,1,0
BRDA:126,5,0,0
BRDA:126,5,1,0
BRDA:126,5,2,0
BRDA:135,6,0,0
BRDA:135,6,1,0
BRF:13
BRH:0
end_of_record
TN:
SF:src/components/avatar/CoinsSection.tsx
FN:7,(anonymous_0)
FNF:1
FNH:0
FNDA:0,(anonymous_0)
DA:7,0
DA:10,0
LF:2
LH:0
BRDA:8,0,0,0
BRF:1
BRH:0
end_of_record
TN:
SF:src/components/avatar/ColorTab.tsx
FN:32,(anonymous_0)
FN:36,(anonymous_1)
FN:39,(anonymous_2)
FN:54,(anonymous_3)
FN:63,(anonymous_4)
FN:70,(anonymous_5)
FN:77,(anonymous_6)
FNF:7
FNH:0
FNDA:0,(anonymous_0)
FNDA:0,(anonymous_1)
FNDA:0,(anonymous_2)
FNDA:0,(anonymous_3)
FNDA:0,(anonymous_4)
FNDA:0,(anonymous_5)
FNDA:0,(anonymous_6)
DA:11,0
DA:16,0
DA:21,0
DA:32,0
DA:33,0
DA:37,0
DA:39,0
DA:54,0
DA:58,0
DA:63,0
DA:70,0
DA:77,0
LF:12
LH:0
BRDA:32,0,0,0
BRDA:42,1,0,0
BRDA:42,1,1,0
BRDA:43,2,0,0
BRDA:43,2,1,0
BRDA:62,3,0,0
BRDA:62,3,1,0
BRDA:69,4,0,0
BRDA:69,4,1,0
BRDA:76,5,0,0
BRDA:76,5,1,0
BRF:11
BRH:0
end_of_record
TN:
SF:src/components/avatar/CustomizationPanel.tsx
FN:24,(anonymous_0)
FNF:1
FNH:0
FNDA:0,(anonymous_0)
DA:24,0
DA:36,0
LF:2
LH:0
BRDA:42,0,0,0
BRDA:42,0,1,0
BRDA:54,1,0,0
BRDA:54,1,1,0
BRF:4
BRH:0
end_of_record
TN:
SF:src/components/avatar/CustomizationTabs.tsx
FN:12,(anonymous_0)
FN:18,(anonymous_1)
FN:29,(anonymous_2)
FNF:3
FNH:0
FNDA:0,(anonymous_0)
FNDA:0,(anonymous_1)
FNDA:0,(anonymous_2)
DA:12,0
DA:16,0
DA:18,0
DA:29,0
LF:4
LH:0
BRDA:21,0,0,0
BRDA:21,0,1,0
BRDA:32,1,0,0
BRDA:32,1,1,0
BRF:4
BRH:0
end_of_record
TN:
SF:src/components/avatar/PreviewPanel.tsx
FN:12,(anonymous_0)
FNF:1
FNH:0
FNDA:0,(anonymous_0)
DA:12,0
DA:16,0
LF:2
LH:0
BRF:0
BRH:0
end_of_record
TN:
SF:src/components/avatar/SkillsList.tsx
FN:17,(anonymous_0)
FN:22,(anonymous_1)
FNF:2
FNH:0
FNDA:0,(anonymous_0)
FNDA:0,(anonymous_1)
DA:17,0
DA:18,0
DA:23,0
DA:27,0
LF:4
LH:0
BRDA:23,0,0,0
BRDA:23,0,1,0
BRDA:23,1,0,0
BRDA:23,1,1,0
BRDA:25,2,0,0
BRDA:25,2,1,0
BRF:6
BRH:0
end_of_record
TN:
SF:src/components/avatar/UserInfo.tsx
FN:9,(anonymous_0)
FNF:1
FNH:0
FNDA:0,(anonymous_0)
DA:9,0
DA:14,0
LF:2
LH:0
BRDA:10,0,0,0
BRDA:20,1,0,0
BRDA:20,1,1,0
BRF:3
BRH:0
end_of_record
TN:
SF:src/components/avatar/avatarData.ts
FNF:0
FNH:0
DA:3,0
DA:55,0
LF:2
LH:0
BRF:0
BRH:0
end_of_record
TN:
SF:src/components/avatar/useAvatarCustomization.ts
FN:14,(anonymous_0)
FN:23,(anonymous_1)
FN:24,(anonymous_2)
FN:25,(anonymous_3)
FN:33,(anonymous_4)
FN:39,(anonymous_5)
FN:42,(anonymous_6)
FN:46,(anonymous_7)
FN:53,(anonymous_8)
FNF:9
FNH:0
FNDA:0,(anonymous_0)
FNDA:0,(anonymous_1)
FNDA:0,(anonymous_2)
FNDA:0,(anonymous_3)
FNDA:0,(anonymous_4)
FNDA:0,(anonymous_5)
FNDA:0,(anonymous_6)
FNDA:0,(anonymous_7)
FNDA:0,(anonymous_8)
DA:14,0
DA:19,0
DA:20,0
DA:21,0
DA:23,0
DA:24,0
DA:25,0
DA:27,0
DA:33,0
DA:34,0
DA:35,0
DA:39,0
DA:40,0
DA:42,0
DA:46,0
DA:47,0
DA:53,0
DA:54,0
DA:55,0
DA:58,0
LF:20
LH:0
BRDA:29,0,0,0
BRDA:29,0,1,0
BRDA:34,1,0,0
BRDA:34,1,1,0
BRDA:34,2,0,0
BRDA:34,2,1,0
BRDA:49,3,0,0
BRDA:49,3,1,0
BRDA:49,4,0,0
BRDA:49,4,1,0
BRF:10
BRH:0
end_of_record
TN:
SF:src/components/benefits/BenefitCard.tsx
FN:15,(anonymous_0)
FN:25,(anonymous_1)
FN:35,(anonymous_2)
FN:55,(anonymous_3)
FN:58,(anonymous_4)
FN:64,(anonymous_5)
FN:78,(anonymous_6)
FN:79,(anonymous_7)
FN:87,(anonymous_8)
FN:101,(anonymous_9)
FNF:10
FNH:0
FNDA:0,(anonymous_0)
FNDA:0,(anonymous_1)
FNDA:0,(anonymous_2)
FNDA:0,(anonymous_3)
FNDA:0,(anonymous_4)
FNDA:0,(anonymous_5)
FNDA:0,(anonymous_6)
FNDA:0,(anonymous_7)
FNDA:0,(anonymous_8)
FNDA:0,(anonymous_9)
DA:15,0
DA:16,0
DA:17,0
DA:18,0
DA:19,0
DA:20,0
DA:21,0
DA:25,0
DA:26,0
DA:27,0
DA:28,0
DA:29,0
DA:30,0
DA:31,0
DA:35,0
DA:36,0
DA:55,0
DA:56,0
DA:58,0
DA:64,0
DA:78,0
DA:79,0
DA:80,0
DA:81,0
DA:82,0
DA:85,0
DA:87,0
DA:101,0
DA:109,0
DA:112,0
DA:115,0
LF:31
LH:0
BRDA:16,0,0,0
BRDA:16,0,1,0
BRDA:16,0,2,0
BRDA:16,0,3,0
BRDA:16,0,4,0
BRDA:26,1,0,0
BRDA:26,1,1,0
BRDA:26,1,2,0
BRDA:26,1,3,0
BRDA:26,1,4,0
BRDA:80,2,0,0
BRDA:80,2,1,0
BRDA:81,3,0,0
BRDA:81,3,1,0
BRDA:91,4,0,0
BRDA:91,4,1,0
BRDA:109,5,0,0
BRDA:109,5,1,0
BRDA:109,5,2,0
BRDA:110,6,0,0
BRDA:110,6,1,0
BRDA:112,7,0,0
BRDA:112,7,1,0
BRDA:112,7,2,0
BRDA:121,8,0,0
BRDA:121,8,1,0
BRDA:127,9,0,0
BRDA:127,9,1,0
BRF:28
BRH:0
end_of_record
TN:
SF:src/components/benefits/BenefitForm.tsx
FN:28,(anonymous_0)
FN:50,(anonymous_1)
FN:64,(anonymous_2)
FN:72,(anonymous_3)
FN:104,(anonymous_4)
FN:134,(anonymous_5)
FN:143,(anonymous_6)
FN:150,(anonymous_7)
FN:161,(anonymous_8)
FN:170,(anonymous_9)
FN:177,(anonymous_10)
FN:188,(anonymous_11)
FN:202,(anonymous_12)
FN:208,(anonymous_13)
FN:217,(anonymous_14)
FN:227,(anonymous_15)
FN:251,(anonymous_16)
FN:259,(anonymous_17)
FNF:18
FNH:0
FNDA:0,(anonymous_0)
FNDA:0,(anonymous_1)
FNDA:0,(anonymous_2)
FNDA:0,(anonymous_3)
FNDA:0,(anonymous_4)
FNDA:0,(anonymous_5)
FNDA:0,(anonymous_6)
FNDA:0,(anonymous_7)
FNDA:0,(anonymous_8)
FNDA:0,(anonymous_9)
FNDA:0,(anonymous_10)
FNDA:0,(anonymous_11)
FNDA:0,(anonymous_12)
FNDA:0,(anonymous_13)
FNDA:0,(anonymous_14)
FNDA:0,(anonymous_15)
FNDA:0,(anonymous_16)
FNDA:0,(anonymous_17)
DA:28,0
DA:29,0
DA:31,0
DA:32,0
DA:35,0
DA:36,0
DA:37,0
DA:40,0
DA:41,0
DA:42,0
DA:43,0
DA:47,0
DA:50,0
DA:51,0
DA:52,0
DA:54,0
DA:64,0
DA:65,0
DA:66,0
DA:67,0
DA:68,0
DA:69,0
DA:70,0
DA:72,0
DA:73,0
DA:74,0
DA:75,0
DA:76,0
DA:77,0
DA:78,0
DA:79,0
DA:83,0
DA:104,0
DA:111,0
DA:113,0
DA:114,0
DA:115,0
DA:116,0
DA:119,0
DA:120,0
DA:122,0
DA:123,0
DA:125,0
DA:128,0
DA:130,0
DA:134,0
DA:135,0
DA:143,0
DA:144,0
DA:150,0
DA:161,0
DA:170,0
DA:171,0
DA:177,0
DA:188,0
DA:202,0
DA:203,0
DA:208,0
DA:217,0
DA:227,0
DA:228,0
DA:251,0
DA:257,0
DA:259,0
DA:260,0
DA:269,0
DA:278,0
DA:279,0
DA:281,0
LF:69
LH:0
BRDA:31,0,0,0
BRDA:31,0,1,0
BRDA:31,1,0,0
BRDA:31,1,1,0
BRDA:31,1,2,0
BRDA:31,1,3,0
BRDA:36,2,0,0
BRDA:36,2,1,0
BRDA:36,3,0,0
BRDA:36,3,1,0
BRDA:40,4,0,0
BRDA:40,4,1,0
BRDA:42,5,0,0
BRDA:42,5,1,0
BRDA:42,6,0,0
BRDA:42,6,1,0
BRDA:52,7,0,0
BRDA:52,7,1,0
BRDA:73,8,0,0
BRDA:73,8,1,0
BRDA:79,9,0,0
BRDA:79,9,1,0
BRDA:114,10,0,0
BRDA:114,10,1,0
BRDA:122,11,0,0
BRDA:122,11,1,0
BRDA:137,12,0,0
BRDA:137,12,1,0
BRDA:213,13,0,0
BRDA:213,13,1,0
BRDA:241,14,0,0
BRDA:241,14,1,0
BRDA:246,15,0,0
BRDA:246,15,1,0
BRDA:246,16,0,0
BRDA:246,16,1,0
BRF:36
BRH:0
end_of_record
TN:
SF:src/components/benefits/BenefitsShop.tsx
FN:17,(anonymous_0)
FN:44,(anonymous_1)
FNF:2
FNH:0
FNDA:0,(anonymous_0)
FNDA:0,(anonymous_1)
DA:17,0
DA:25,0
DA:27,0
DA:45,0
LF:4
LH:0
BRDA:33,0,0,0
BRDA:33,0,1,0
BRF:2
BRH:0
end_of_record
TN:
SF:src/components/benefits/CoinEventForm.tsx
FN:26,(anonymous_0)
FN:41,(anonymous_1)
FN:48,(anonymous_2)
FN:54,(anonymous_3)
FN:71,(anonymous_4)
FN:80,(anonymous_5)
FN:87,(anonymous_6)
FN:98,(anonymous_7)
FN:107,(anonymous_8)
FN:114,(anonymous_9)
FN:126,(anonymous_10)
FN:135,(anonymous_11)
FN:159,(anonymous_12)
FN:167,(anonymous_13)
FNF:14
FNH:0
FNDA:0,(anonymous_0)
FNDA:0,(anonymous_1)
FNDA:0,(anonymous_2)
FNDA:0,(anonymous_3)
FNDA:0,(anonymous_4)
FNDA:0,(anonymous_5)
FNDA:0,(anonymous_6)
FNDA:0,(anonymous_7)
FNDA:0,(anonymous_8)
FNDA:0,(anonymous_9)
FNDA:0,(anonymous_10)
FNDA:0,(anonymous_11)
FNDA:0,(anonymous_12)
FNDA:0,(anonymous_13)
DA:26,0
DA:27,0
DA:29,0
DA:30,0
DA:33,0
DA:34,0
DA:35,0
DA:38,0
DA:41,0
DA:48,0
DA:49,0
DA:50,0
DA:51,0
DA:52,0
DA:54,0
DA:55,0
DA:56,0
DA:57,0
DA:58,0
DA:59,0
DA:63,0
DA:71,0
DA:72,0
DA:80,0
DA:81,0
DA:87,0
DA:98,0
DA:107,0
DA:108,0
DA:114,0
DA:126,0
DA:135,0
DA:136,0
DA:159,0
DA:165,0
DA:167,0
DA:168,0
DA:170,0
DA:177,0
DA:178,0
DA:179,0
DA:180,0
DA:183,0
DA:184,0
DA:186,0
DA:187,0
DA:189,0
DA:192,0
DA:194,0
DA:198,0
DA:199,0
DA:201,0
LF:52
LH:0
BRDA:29,0,0,0
BRDA:29,0,1,0
BRDA:29,1,0,0
BRDA:29,1,1,0
BRDA:29,1,2,0
BRDA:29,1,3,0
BRDA:34,2,0,0
BRDA:34,2,1,0
BRDA:34,3,0,0
BRDA:34,3,1,0
BRDA:55,4,0,0
BRDA:55,4,1,0
BRDA:74,5,0,0
BRDA:74,5,1,0
BRDA:149,6,0,0
BRDA:149,6,1,0
BRDA:154,7,0,0
BRDA:154,7,1,0
BRDA:154,8,0,0
BRDA:154,8,1,0
BRDA:178,9,0,0
BRDA:178,9,1,0
BRDA:186,10,0,0
BRDA:186,10,1,0
BRF:24
BRH:0
end_of_record
TN:
SF:src/components/benefits/CoinEventProgress.tsx
FN:9,(anonymous_0)
FN:16,(anonymous_1)
FN:36,(anonymous_2)
FN:43,(anonymous_3)
FN:49,(anonymous_4)
FN:53,(anonymous_5)
FN:62,(anonymous_6)
FN:72,(anonymous_7)
FNF:8
FNH:0
FNDA:0,(anonymous_0)
FNDA:0,(anonymous_1)
FNDA:0,(anonymous_2)
FNDA:0,(anonymous_3)
FNDA:0,(anonymous_4)
FNDA:0,(anonymous_5)
FNDA:0,(anonymous_6)
FNDA:0,(anonymous_7)
DA:9,0
DA:10,0
DA:16,0
DA:17,0
DA:19,0
DA:36,0
DA:37,0
DA:43,0
DA:44,0
DA:49,0
DA:50,0
DA:54,0
DA:62,0
DA:63,0
DA:64,0
DA:65,0
DA:66,0
DA:68,0
DA:72,0
DA:73,0
DA:75,0
DA:76,0
DA:77,0
DA:79,0
LF:24
LH:0
BRDA:63,0,0,0
BRDA:63,0,1,0
BRDA:65,1,0,0
BRDA:65,1,1,0
BRDA:65,2,0,0
BRDA:65,2,1,0
BRDA:83,3,0,0
BRDA:83,3,1,0
BRF:8
BRH:0
end_of_record
TN:
SF:src/components/benefits/CoinEventsProgress.tsx
FN:9,(anonymous_0)
FN:16,(anonymous_1)
FN:36,(anonymous_2)
FN:43,(anonymous_3)
FN:49,(anonymous_4)
FN:53,(anonymous_5)
FN:62,(anonymous_6)
FN:74,(anonymous_7)
FNF:8
FNH:0
FNDA:0,(anonymous_0)
FNDA:0,(anonymous_1)
FNDA:0,(anonymous_2)
FNDA:0,(anonymous_3)
FNDA:0,(anonymous_4)
FNDA:0,(anonymous_5)
FNDA:0,(anonymous_6)
FNDA:0,(anonymous_7)
DA:9,0
DA:10,0
DA:16,0
DA:17,0
DA:19,0
DA:36,0
DA:37,0
DA:43,0
DA:44,0
DA:49,0
DA:50,0
DA:54,0
DA:62,0
DA:63,0
DA:64,0
DA:67,0
DA:68,0
DA:71,0
DA:74,0
DA:75,0
DA:77,0
DA:78,0
DA:79,0
DA:81,0
LF:24
LH:0
BRDA:63,0,0,0
BRDA:63,0,1,0
BRDA:67,1,0,0
BRDA:67,1,1,0
BRDA:67,2,0,0
BRDA:67,2,1,0
BRDA:85,3,0,0
BRDA:85,3,1,0
BRF:8
BRH:0
end_of_record
TN:
SF:src/components/benefits/CoinGrantForm.tsx
FN:28,(anonymous_0)
FN:53,(anonymous_1)
FN:61,(anonymous_2)
FN:68,(anonymous_3)
FN:93,(anonymous_4)
FN:109,(anonymous_5)
FN:123,(anonymous_6)
FN:141,(anonymous_7)
FN:184,(anonymous_8)
FN:207,(anonymous_9)
FN:214,(anonymous_10)
FNF:11
FNH:0
FNDA:0,(anonymous_0)
FNDA:0,(anonymous_1)
FNDA:0,(anonymous_2)
FNDA:0,(anonymous_3)
FNDA:0,(anonymous_4)
FNDA:0,(anonymous_5)
FNDA:0,(anonymous_6)
FNDA:0,(anonymous_7)
FNDA:0,(anonymous_8)
FNDA:0,(anonymous_9)
FNDA:0,(anonymous_10)
DA:28,0
DA:29,0
DA:30,0
DA:31,0
DA:32,0
DA:33,0
DA:35,0
DA:53,0
DA:60,0
DA:62,0
DA:69,0
DA:70,0
DA:93,0
DA:100,0
DA:109,0
DA:123,0
DA:141,0
DA:148,0
DA:150,0
DA:158,0
DA:159,0
DA:160,0
DA:161,0
DA:164,0
DA:165,0
DA:166,0
DA:167,0
DA:170,0
DA:171,0
DA:172,0
DA:180,0
DA:184,0
DA:185,0
DA:207,0
DA:212,0
DA:214,0
DA:215,0
DA:223,0
LF:38
LH:0
BRDA:67,0,0,0
BRDA:67,0,1,0
BRDA:100,1,0,0
BRDA:100,1,1,0
BRDA:159,2,0,0
BRDA:159,2,1,0
BRDA:165,3,0,0
BRDA:165,3,1,0
BRF:8
BRH:0
end_of_record
TN:
SF:src/components/benefits/CoinGrantFormHelpers.tsx
FN:22,(anonymous_0)
FN:38,(anonymous_1)
FN:46,(anonymous_2)
FN:54,(anonymous_3)
FN:72,(anonymous_4)
FN:87,(anonymous_5)
FN:95,(anonymous_6)
FN:115,(anonymous_7)
FN:125,(anonymous_8)
FN:138,(anonymous_9)
FNF:10
FNH:0
FNDA:0,(anonymous_0)
FNDA:0,(anonymous_1)
FNDA:0,(anonymous_2)
FNDA:0,(anonymous_3)
FNDA:0,(anonymous_4)
FNDA:0,(anonymous_5)
FNDA:0,(anonymous_6)
FNDA:0,(anonymous_7)
FNDA:0,(anonymous_8)
FNDA:0,(anonymous_9)
DA:22,0
DA:23,0
DA:24,0
DA:27,0
DA:28,0
DA:31,0
DA:32,0
DA:35,0
DA:38,0
DA:39,0
DA:40,0
DA:41,0
DA:42,0
DA:44,0
DA:46,0
DA:47,0
DA:48,0
DA:50,0
DA:54,0
DA:61,0
DA:62,0
DA:63,0
DA:64,0
DA:65,0
DA:72,0
DA:73,0
DA:75,0
DA:87,0
DA:96,0
DA:115,0
DA:120,0
DA:126,0
DA:127,0
DA:138,0
DA:139,0
LF:35
LH:0
BRDA:23,0,0,0
BRDA:23,0,1,0
BRDA:27,1,0,0
BRDA:27,1,1,0
BRDA:27,2,0,0
BRDA:27,2,1,0
BRDA:31,3,0,0
BRDA:31,3,1,0
BRDA:31,4,0,0
BRDA:31,4,1,0
BRDA:31,4,2,0
BRDA:39,5,0,0
BRDA:39,5,1,0
BRDA:41,6,0,0
BRDA:41,6,1,0
BRDA:41,7,0,0
BRDA:41,7,1,0
BRDA:47,8,0,0
BRDA:47,8,1,0
BRDA:79,9,0,0
BRDA:79,9,1,0
BRDA:93,10,0,0
BRDA:93,10,1,0
BRDA:97,11,0,0
BRDA:97,11,1,0
BRDA:101,12,0,0
BRDA:101,12,1,0
BRDA:106,13,0,0
BRDA:106,13,1,0
BRDA:144,14,0,0
BRDA:144,14,1,0
BRDA:149,15,0,0
BRDA:149,15,1,0
BRF:33
BRH:0
end_of_record
TN:
SF:src/components/benefits/CoinRuleForm.tsx
FN:25,(anonymous_0)
FN:38,(anonymous_1)
FN:44,(anonymous_2)
FN:49,(anonymous_3)
FN:64,(anonymous_4)
FN:73,(anonymous_5)
FN:80,(anonymous_6)
FN:91,(anonymous_7)
FN:103,(anonymous_8)
FN:113,(anonymous_9)
FN:137,(anonymous_10)
FN:145,(anonymous_11)
FNF:12
FNH:0
FNDA:0,(anonymous_0)
FNDA:0,(anonymous_1)
FNDA:0,(anonymous_2)
FNDA:0,(anonymous_3)
FNDA:0,(anonymous_4)
FNDA:0,(anonymous_5)
FNDA:0,(anonymous_6)
FNDA:0,(anonymous_7)
FNDA:0,(anonymous_8)
FNDA:0,(anonymous_9)
FNDA:0,(anonymous_10)
FNDA:0,(anonymous_11)
DA:25,0
DA:26,0
DA:27,0
DA:30,0
DA:31,0
DA:32,0
DA:35,0
DA:38,0
DA:44,0
DA:45,0
DA:46,0
DA:47,0
DA:49,0
DA:50,0
DA:51,0
DA:52,0
DA:53,0
DA:57,0
DA:64,0
DA:65,0
DA:73,0
DA:74,0
DA:80,0
DA:91,0
DA:103,0
DA:113,0
DA:114,0
DA:137,0
DA:143,0
DA:145,0
DA:146,0
DA:148,0
DA:154,0
DA:155,0
DA:156,0
DA:157,0
DA:160,0
DA:161,0
DA:163,0
DA:164,0
DA:166,0
DA:169,0
DA:171,0
DA:175,0
DA:176,0
DA:178,0
LF:46
LH:0
BRDA:26,0,0,0
BRDA:26,0,1,0
BRDA:26,1,0,0
BRDA:26,1,1,0
BRDA:26,1,2,0
BRDA:31,2,0,0
BRDA:31,2,1,0
BRDA:31,3,0,0
BRDA:31,3,1,0
BRDA:50,4,0,0
BRDA:50,4,1,0
BRDA:67,5,0,0
BRDA:67,5,1,0
BRDA:127,6,0,0
BRDA:127,6,1,0
BRDA:132,7,0,0
BRDA:132,7,1,0
BRDA:132,8,0,0
BRDA:132,8,1,0
BRDA:155,9,0,0
BRDA:155,9,1,0
BRDA:163,10,0,0
BRDA:163,10,1,0
BRF:23
BRH:0
end_of_record
TN:
SF:src/components/benefits/EarnTab.tsx
FN:13,(anonymous_0)
FN:18,(anonymous_1)
FN:29,(anonymous_2)
FN:34,(anonymous_3)
FN:39,(anonymous_4)
FN:48,(anonymous_5)
FN:66,(anonymous_6)
FN:73,(anonymous_7)
FN:88,(anonymous_8)
FN:94,(anonymous_9)
FN:108,(anonymous_10)
FN:116,(anonymous_11)
FN:117,(anonymous_12)
FN:118,(anonymous_13)
FNF:14
FNH:0
FNDA:0,(anonymous_0)
FNDA:0,(anonymous_1)
FNDA:0,(anonymous_2)
FNDA:0,(anonymous_3)
FNDA:0,(anonymous_4)
FNDA:0,(anonymous_5)
FNDA:0,(anonymous_6)
FNDA:0,(anonymous_7)
FNDA:0,(anonymous_8)
FNDA:0,(anonymous_9)
FNDA:0,(anonymous_10)
FNDA:0,(anonymous_11)
FNDA:0,(anonymous_12)
FNDA:0,(anonymous_13)
DA:13,0
DA:14,0
DA:15,0
DA:18,0
DA:21,0
DA:22,0
DA:24,0
DA:29,0
DA:30,0
DA:31,0
DA:34,0
DA:35,0
DA:39,0
DA:48,0
DA:56,0
DA:66,0
DA:72,0
DA:74,0
DA:88,0
DA:94,0
DA:108,0
DA:113,0
DA:114,0
DA:116,0
DA:117,0
DA:118,0
DA:120,0
LF:27
LH:0
BRDA:37,0,0,0
BRDA:37,0,1,0
BRDA:56,1,0,0
BRDA:56,1,1,0
BRDA:56,2,0,0
BRDA:56,2,1,0
BRDA:85,3,0,0
BRDA:85,3,1,0
BRF:8
BRH:0
end_of_record
TN:
SF:src/components/benefits/HistoryTab.tsx
FN:22,(anonymous_0)
FN:34,(anonymous_1)
FN:44,(anonymous_2)
FN:56,(anonymous_3)
FN:69,(anonymous_4)
FN:82,(anonymous_5)
FN:91,(anonymous_6)
FN:95,(anonymous_7)
FN:105,(anonymous_8)
FN:134,(anonymous_9)
FN:136,(anonymous_10)
FN:140,(anonymous_11)
FN:157,(anonymous_12)
FNF:13
FNH:0
FNDA:0,(anonymous_0)
FNDA:0,(anonymous_1)
FNDA:0,(anonymous_2)
FNDA:0,(anonymous_3)
FNDA:0,(anonymous_4)
FNDA:0,(anonymous_5)
FNDA:0,(anonymous_6)
FNDA:0,(anonymous_7)
FNDA:0,(anonymous_8)
FNDA:0,(anonymous_9)
FNDA:0,(anonymous_10)
FNDA:0,(anonymous_11)
FNDA:0,(anonymous_12)
DA:13,0
DA:22,0
DA:23,0
DA:31,0
DA:34,0
DA:35,0
DA:44,0
DA:45,0
DA:46,0
DA:47,0
DA:49,0
DA:52,0
DA:56,0
DA:57,0
DA:59,0
DA:61,0
DA:63,0
DA:65,0
DA:69,0
DA:70,0
DA:72,0
DA:74,0
DA:76,0
DA:78,0
DA:82,0
DA:83,0
DA:91,0
DA:96,0
DA:105,0
DA:106,0
DA:134,0
DA:135,0
DA:136,0
DA:140,0
DA:141,0
DA:157,0
DA:162,0
DA:164,0
DA:166,0
LF:39
LH:0
BRDA:31,0,0,0
BRDA:31,0,1,0
BRDA:45,1,0,0
BRDA:45,1,1,0
BRDA:46,2,0,0
BRDA:46,2,1,0
BRDA:57,3,0,0
BRDA:57,3,1,0
BRDA:57,3,2,0
BRDA:57,3,3,0
BRDA:70,4,0,0
BRDA:70,4,1,0
BRDA:70,4,2,0
BRDA:70,4,3,0
BRDA:85,5,0,0
BRDA:85,5,1,0
BRDA:88,6,0,0
BRDA:88,6,1,0
BRDA:117,7,0,0
BRDA:117,7,1,0
BRDA:118,8,0,0
BRDA:118,8,1,0
BRDA:118,8,2,0
BRDA:124,9,0,0
BRDA:124,9,1,0
BRDA:126,10,0,0
BRDA:126,10,1,0
BRDA:147,11,0,0
BRDA:147,11,1,0
BRDA:147,12,0,0
BRDA:147,12,1,0
BRDA:149,13,0,0
BRDA:149,13,1,0
BRDA:169,14,0,0
BRDA:169,14,1,0
BRF:35
BRH:0
end_of_record
TN:
SF:src/components/benefits/ManageTab.tsx
FN:17,(anonymous_0)
FN:22,(anonymous_1)
FN:33,(anonymous_2)
FN:38,(anonymous_3)
FN:49,(anonymous_4)
FN:53,(anonymous_5)
FN:61,(anonymous_6)
FN:78,(anonymous_7)
FN:80,(anonymous_8)
FN:97,(anonymous_9)
FN:103,(anonymous_10)
FN:115,(anonymous_11)
FN:124,(anonymous_12)
FN:125,(anonymous_13)
FN:126,(anonymous_14)
FNF:15
FNH:0
FNDA:0,(anonymous_0)
FNDA:0,(anonymous_1)
FNDA:0,(anonymous_2)
FNDA:0,(anonymous_3)
FNDA:0,(anonymous_4)
FNDA:0,(anonymous_5)
FNDA:0,(anonymous_6)
FNDA:0,(anonymous_7)
FNDA:0,(anonymous_8)
FNDA:0,(anonymous_9)
FNDA:0,(anonymous_10)
FNDA:0,(anonymous_11)
FNDA:0,(anonymous_12)
FNDA:0,(anonymous_13)
FNDA:0,(anonymous_14)
DA:17,0
DA:18,0
DA:19,0
DA:22,0
DA:25,0
DA:26,0
DA:28,0
DA:33,0
DA:34,0
DA:35,0
DA:38,0
DA:39,0
DA:49,0
DA:50,0
DA:53,0
DA:61,0
DA:68,0
DA:78,0
DA:79,0
DA:81,0
DA:97,0
DA:103,0
DA:115,0
DA:121,0
DA:122,0
DA:124,0
DA:125,0
DA:126,0
DA:128,0
LF:29
LH:0
BRDA:68,0,0,0
BRDA:68,0,1,0
BRF:2
BRH:0
end_of_record
TN:
SF:src/components/benefits/ShopTab.tsx
FN:17,(anonymous_0)
FN:22,(anonymous_1)
FN:33,(anonymous_2)
FN:38,(anonymous_3)
FN:43,(anonymous_4)
FN:52,(anonymous_5)
FN:70,(anonymous_6)
FN:79,(anonymous_7)
FN:93,(anonymous_8)
FN:103,(anonymous_9)
FN:104,(anonymous_10)
FN:105,(anonymous_11)
FNF:12
FNH:0
FNDA:0,(anonymous_0)
FNDA:0,(anonymous_1)
FNDA:0,(anonymous_2)
FNDA:0,(anonymous_3)
FNDA:0,(anonymous_4)
FNDA:0,(anonymous_5)
FNDA:0,(anonymous_6)
FNDA:0,(anonymous_7)
FNDA:0,(anonymous_8)
FNDA:0,(anonymous_9)
FNDA:0,(anonymous_10)
FNDA:0,(anonymous_11)
DA:17,0
DA:18,0
DA:19,0
DA:22,0
DA:25,0
DA:26,0
DA:28,0
DA:33,0
DA:34,0
DA:35,0
DA:38,0
DA:39,0
DA:43,0
DA:52,0
DA:60,0
DA:70,0
DA:78,0
DA:80,0
DA:93,0
DA:100,0
DA:101,0
DA:103,0
DA:104,0
DA:105,0
DA:107,0
LF:25
LH:0
BRDA:41,0,0,0
BRDA:41,0,1,0
BRDA:60,1,0,0
BRDA:60,1,1,0
BRDA:60,2,0,0
BRDA:60,2,1,0
BRF:6
BRH:0
end_of_record
TN:
SF:src/components/benefits/TabNavigation.tsx
FN:11,(anonymous_0)
FN:19,(anonymous_1)
FN:30,(anonymous_2)
FN:41,(anonymous_3)
FN:53,(anonymous_4)
FNF:5
FNH:0
FNDA:0,(anonymous_0)
FNDA:0,(anonymous_1)
FNDA:0,(anonymous_2)
FNDA:0,(anonymous_3)
FNDA:0,(anonymous_4)
DA:11,0
DA:16,0
DA:19,0
DA:30,0
DA:41,0
DA:53,0
LF:6
LH:0
BRDA:22,0,0,0
BRDA:22,0,1,0
BRDA:33,1,0,0
BRDA:33,1,1,0
BRDA:44,2,0,0
BRDA:44,2,1,0
BRDA:51,3,0,0
BRDA:51,3,1,0
BRDA:56,4,0,0
BRDA:56,4,1,0
BRF:10
BRH:0
end_of_record
TN:
SF:src/components/benefits/tabs/TabNavigation.tsx
FN:18,(anonymous_0)
FN:39,(anonymous_1)
FN:44,(anonymous_2)
FN:48,(anonymous_3)
FN:54,(anonymous_4)
FNF:5
FNH:0
FNDA:0,(anonymous_0)
FNDA:0,(anonymous_1)
FNDA:0,(anonymous_2)
FNDA:0,(anonymous_3)
FNDA:0,(anonymous_4)
DA:18,0
DA:19,0
DA:32,0
DA:39,0
DA:44,0
DA:46,0
DA:49,0
DA:54,0
LF:8
LH:0
BRDA:23,0,0,0
BRDA:23,0,1,0
BRDA:44,1,0,0
BRDA:44,1,1,0
BRF:4
BRH:0
end_of_record
TN:
SF:src/components/calendar/CalendarControls.tsx
FN:20,(anonymous_0)
FN:39,(anonymous_1)
FN:43,(anonymous_2)
FN:49,(anonymous_3)
FN:59,(anonymous_4)
FN:63,(anonymous_5)
FN:70,(anonymous_6)
FN:82,(anonymous_7)
FN:86,(anonymous_8)
FN:92,(anonymous_9)
FN:99,(anonymous_10)
FN:107,(anonymous_11)
FNF:12
FNH:0
FNDA:0,(anonymous_0)
FNDA:0,(anonymous_1)
FNDA:0,(anonymous_2)
FNDA:0,(anonymous_3)
FNDA:0,(anonymous_4)
FNDA:0,(anonymous_5)
FNDA:0,(anonymous_6)
FNDA:0,(anonymous_7)
FNDA:0,(anonymous_8)
FNDA:0,(anonymous_9)
FNDA:0,(anonymous_10)
FNDA:0,(anonymous_11)
DA:20,0
DA:21,0
DA:23,0
DA:39,0
DA:40,0
DA:43,0
DA:49,0
DA:59,0
DA:60,0
DA:63,0
DA:70,0
DA:82,0
DA:83,0
DA:86,0
DA:92,0
DA:99,0
DA:107,0
DA:115,0
LF:18
LH:0
BRDA:20,0,0,0
BRDA:21,1,0,0
BRDA:21,1,1,0
BRDA:28,2,0,0
BRDA:28,2,1,0
BRDA:96,3,0,0
BRDA:96,3,1,0
BRF:7
BRH:0
end_of_record
TN:
SF:src/components/calendar/CalendarGrid.tsx
FN:15,(anonymous_0)
FN:17,(anonymous_1)
FN:19,(anonymous_2)
FN:27,(anonymous_3)
FN:31,(anonymous_4)
FN:35,(anonymous_5)
FN:37,(anonymous_6)
FN:54,(anonymous_7)
FN:75,(anonymous_8)
FN:77,(anonymous_9)
FN:85,(anonymous_10)
FN:96,(anonymous_11)
FN:108,(anonymous_12)
FNF:13
FNH:0
FNDA:0,(anonymous_0)
FNDA:0,(anonymous_1)
FNDA:0,(anonymous_2)
FNDA:0,(anonymous_3)
FNDA:0,(anonymous_4)
FNDA:0,(anonymous_5)
FNDA:0,(anonymous_6)
FNDA:0,(anonymous_7)
FNDA:0,(anonymous_8)
FNDA:0,(anonymous_9)
FNDA:0,(anonymous_10)
FNDA:0,(anonymous_11)
FNDA:0,(anonymous_12)
DA:13,0
DA:15,0
DA:16,0
DA:17,0
DA:19,0
DA:20,0
DA:21,0
DA:22,0
DA:23,0
DA:27,0
DA:28,0
DA:31,0
DA:32,0
DA:35,0
DA:36,0
DA:38,0
DA:54,0
DA:55,0
DA:75,0
DA:76,0
DA:78,0
DA:85,0
DA:91,0
DA:97,0
DA:99,0
DA:108,0
LF:26
LH:0
BRDA:16,0,0,0
BRDA:16,0,1,0
BRDA:20,1,0,0
BRDA:20,1,1,0
BRDA:21,2,0,0
BRDA:21,2,1,0
BRDA:21,3,0,0
BRDA:21,3,1,0
BRDA:22,4,0,0
BRDA:22,4,1,0
BRDA:28,5,0,0
BRDA:28,5,1,0
BRDA:32,6,0,0
BRDA:32,6,1,0
BRDA:46,7,0,0
BRDA:46,7,1,0
BRDA:58,8,0,0
BRDA:58,8,1,0
BRDA:59,9,0,0
BRDA:59,9,1,0
BRDA:60,10,0,0
BRDA:60,10,1,0
BRDA:60,10,2,0
BRDA:67,11,0,0
BRDA:67,11,1,0
BRDA:67,11,2,0
BRDA:69,12,0,0
BRDA:69,12,1,0
BRDA:104,13,0,0
BRDA:104,13,1,0
BRDA:105,14,0,0
BRDA:105,14,1,0
BRDA:106,15,0,0
BRDA:106,15,1,0
BRF:34
BRH:0
end_of_record
TN:
SF:src/components/calendar/CalendarHeader.tsx
FN:16,(anonymous_0)
FN:27,(anonymous_1)
FN:31,(anonymous_2)
FN:39,(anonymous_3)
FN:59,(anonymous_4)
FN:62,(anonymous_5)
FN:71,(anonymous_6)
FN:79,(anonymous_7)
FNF:8
FNH:0
FNDA:0,(anonymous_0)
FNDA:0,(anonymous_1)
FNDA:0,(anonymous_2)
FNDA:0,(anonymous_3)
FNDA:0,(anonymous_4)
FNDA:0,(anonymous_5)
FNDA:0,(anonymous_6)
FNDA:0,(anonymous_7)
DA:16,0
DA:17,0
DA:27,0
DA:28,0
DA:31,0
DA:39,0
DA:59,0
DA:60,0
DA:62,0
DA:71,0
DA:79,0
DA:89,0
LF:12
LH:0
BRDA:29,0,0,0
BRDA:29,0,1,0
BRDA:62,1,0,0
BRDA:62,1,1,0
BRDA:68,2,0,0
BRDA:68,2,1,0
BRDA:71,3,0,0
BRDA:71,3,1,0
BRDA:92,4,0,0
BRDA:92,4,1,0
BRF:10
BRH:0
end_of_record
TN:
SF:src/components/calendar/CalendarLegend.tsx
FN:9,(anonymous_0)
FNF:1
FNH:0
FNDA:0,(anonymous_0)
DA:9,0
DA:10,0
LF:2
LH:0
BRDA:22,0,0,0
BRDA:22,0,1,0
BRF:2
BRH:0
end_of_record
TN:
SF:src/components/calendar/DayDetailModal.tsx
FN:21,(anonymous_0)
FN:31,(anonymous_1)
FN:45,(anonymous_2)
FN:47,(anonymous_3)
FN:67,(anonymous_4)
FN:86,(anonymous_5)
FN:88,(anonymous_6)
FN:108,(anonymous_7)
FN:110,(anonymous_8)
FN:124,(anonymous_9)
FN:139,(anonymous_10)
FNF:11
FNH:0
FNDA:0,(anonymous_0)
FNDA:0,(anonymous_1)
FNDA:0,(anonymous_2)
FNDA:0,(anonymous_3)
FNDA:0,(anonymous_4)
FNDA:0,(anonymous_5)
FNDA:0,(anonymous_6)
FNDA:0,(anonymous_7)
FNDA:0,(anonymous_8)
FNDA:0,(anonymous_9)
FNDA:0,(anonymous_10)
DA:21,0
DA:22,0
DA:23,0
DA:31,0
DA:32,0
DA:45,0
DA:46,0
DA:48,0
DA:67,0
DA:68,0
DA:86,0
DA:87,0
DA:89,0
DA:108,0
DA:109,0
DA:111,0
DA:124,0
DA:125,0
DA:130,0
DA:132,0
DA:139,0
DA:145,0
DA:147,0
LF:23
LH:0
BRDA:22,0,0,0
BRDA:22,0,1,0
BRDA:51,1,0,0
BRDA:51,1,1,0
BRDA:55,2,0,0
BRDA:55,2,1,0
BRDA:57,3,0,0
BRDA:57,3,1,0
BRDA:76,4,0,0
BRDA:76,4,1,0
BRDA:77,5,0,0
BRDA:77,5,1,0
BRDA:92,6,0,0
BRDA:92,6,1,0
BRDA:96,7,0,0
BRDA:96,7,1,0
BRDA:98,8,0,0
BRDA:98,8,1,0
BRDA:125,9,0,0
BRDA:125,9,1,0
BRDA:125,9,2,0
BRDA:125,9,3,0
BRDA:125,10,0,0
BRDA:125,10,1,0
BRDA:127,11,0,0
BRDA:127,11,1,0
BRDA:128,12,0,0
BRDA:128,12,1,0
BRDA:130,13,0,0
BRDA:130,13,1,0
BRDA:145,14,0,0
BRDA:145,14,1,0
BRDA:153,15,0,0
BRDA:153,15,1,0
BRDA:157,16,0,0
BRDA:157,16,1,0
BRDA:161,17,0,0
BRDA:161,17,1,0
BRDA:161,17,2,0
BRDA:165,18,0,0
BRDA:165,18,1,0
BRF:41
BRH:0
end_of_record
TN:
SF:src/components/calendar/TeamCalendarGrid.tsx
FN:26,(anonymous_0)
FN:34,(anonymous_1)
FN:63,(anonymous_2)
FN:77,(anonymous_3)
FN:91,(anonymous_4)
FN:93,(anonymous_5)
FN:109,(anonymous_6)
FN:112,(anonymous_7)
FN:131,(anonymous_8)
FN:137,(anonymous_9)
FN:155,(anonymous_10)
FN:169,(anonymous_11)
FN:170,(anonymous_12)
FN:197,(anonymous_13)
FN:202,(anonymous_14)
FN:218,(anonymous_15)
FN:236,(anonymous_16)
FNF:17
FNH:0
FNDA:0,(anonymous_0)
FNDA:0,(anonymous_1)
FNDA:0,(anonymous_2)
FNDA:0,(anonymous_3)
FNDA:0,(anonymous_4)
FNDA:0,(anonymous_5)
FNDA:0,(anonymous_6)
FNDA:0,(anonymous_7)
FNDA:0,(anonymous_8)
FNDA:0,(anonymous_9)
FNDA:0,(anonymous_10)
FNDA:0,(anonymous_11)
FNDA:0,(anonymous_12)
FNDA:0,(anonymous_13)
FNDA:0,(anonymous_14)
FNDA:0,(anonymous_15)
FNDA:0,(anonymous_16)
DA:9,0
DA:26,0
DA:27,0
DA:28,0
DA:34,0
DA:35,0
DA:37,0
DA:41,0
DA:45,0
DA:47,0
DA:63,0
DA:64,0
DA:65,0
DA:66,0
DA:68,0
DA:69,0
DA:71,0
DA:74,0
DA:75,0
DA:77,0
DA:78,0
DA:91,0
DA:92,0
DA:94,0
DA:95,0
DA:96,0
DA:109,0
DA:110,0
DA:113,0
DA:131,0
DA:132,0
DA:138,0
DA:155,0
DA:156,0
DA:157,0
DA:159,0
DA:169,0
DA:170,0
DA:197,0
DA:198,0
DA:203,0
DA:218,0
DA:229,0
DA:237,0
LF:44
LH:0
BRDA:35,0,0,0
BRDA:35,0,1,0
BRDA:37,1,0,0
BRDA:37,1,1,0
BRDA:41,2,0,0
BRDA:41,2,1,0
BRDA:45,3,0,0
BRDA:45,3,1,0
BRDA:51,4,0,0
BRDA:51,4,1,0
BRDA:65,5,0,0
BRDA:65,5,1,0
BRDA:65,6,0,0
BRDA:65,6,1,0
BRDA:68,7,0,0
BRDA:68,7,1,0
BRDA:83,8,0,0
BRDA:83,8,1,0
BRDA:118,9,0,0
BRDA:118,9,1,0
BRDA:137,10,0,0
BRDA:137,10,1,0
BRDA:140,11,0,0
BRDA:140,11,1,0
BRDA:142,12,0,0
BRDA:142,12,1,0
BRDA:157,13,0,0
BRDA:157,13,1,0
BRDA:164,14,0,0
BRDA:164,14,1,0
BRDA:165,15,0,0
BRDA:165,15,1,0
BRDA:166,16,0,0
BRDA:166,16,1,0
BRDA:167,17,0,0
BRDA:167,17,1,0
BRDA:167,18,0,0
BRDA:167,18,1,0
BRDA:173,19,0,0
BRDA:173,19,1,0
BRDA:179,20,0,0
BRDA:179,20,1,0
BRDA:179,20,2,0
BRDA:231,21,0,0
BRDA:231,21,1,0
BRF:45
BRH:0
end_of_record
TN:
SF:src/components/calendar/TeamCalendarHelpers.tsx
FN:9,(anonymous_0)
FN:22,(anonymous_1)
FN:28,(anonymous_2)
FN:34,(anonymous_3)
FN:45,(anonymous_4)
FN:58,(anonymous_5)
FN:66,(anonymous_6)
FN:88,(anonymous_7)
FN:106,(anonymous_8)
FN:130,(anonymous_9)
FN:131,(anonymous_10)
FN:132,(anonymous_11)
FNF:12
FNH:0
FNDA:0,(anonymous_0)
FNDA:0,(anonymous_1)
FNDA:0,(anonymous_2)
FNDA:0,(anonymous_3)
FNDA:0,(anonymous_4)
FNDA:0,(anonymous_5)
FNDA:0,(anonymous_6)
FNDA:0,(anonymous_7)
FNDA:0,(anonymous_8)
FNDA:0,(anonymous_9)
FNDA:0,(anonymous_10)
FNDA:0,(anonymous_11)
DA:9,0
DA:10,0
DA:11,0
DA:12,0
DA:13,0
DA:15,0
DA:16,0
DA:17,0
DA:22,0
DA:27,0
DA:28,0
DA:29,0
DA:34,0
DA:35,0
DA:37,0
DA:38,0
DA:41,0
DA:45,0
DA:46,0
DA:48,0
DA:49,0
DA:54,0
DA:58,0
DA:63,0
DA:67,0
DA:68,0
DA:69,0
DA:71,0
DA:73,0
DA:89,0
DA:90,0
DA:91,0
DA:93,0
DA:95,0
DA:106,0
DA:114,0
DA:115,0
DA:116,0
DA:117,0
DA:118,0
DA:120,0
DA:130,0
DA:131,0
DA:132,0
LF:44
LH:0
BRDA:10,0,0,0
BRDA:10,0,1,0
BRDA:29,1,0,0
BRDA:29,1,1,0
BRDA:35,2,0,0
BRDA:35,2,1,0
BRDA:37,3,0,0
BRDA:37,3,1,0
BRDA:41,4,0,0
BRDA:41,4,1,0
BRDA:46,5,0,0
BRDA:46,5,1,0
BRDA:48,6,0,0
BRDA:48,6,1,0
BRDA:49,7,0,0
BRDA:49,7,1,0
BRDA:54,8,0,0
BRDA:54,8,1,0
BRDA:68,9,0,0
BRDA:68,9,1,0
BRDA:81,10,0,0
BRDA:81,10,1,0
BRDA:90,11,0,0
BRDA:90,11,1,0
BRDA:116,12,0,0
BRDA:116,12,1,0
BRDA:125,13,0,0
BRDA:125,13,1,0
BRDA:126,14,0,0
BRDA:126,14,1,0
BRDA:133,15,0,0
BRDA:133,15,1,0
BRDA:133,16,0,0
BRDA:133,16,1,0
BRF:34
BRH:0
end_of_record
TN:
SF:src/components/calendar/TeamCalendarLegend.tsx
FN:9,(anonymous_0)
FNF:1
FNH:0
FNDA:0,(anonymous_0)
DA:9,0
DA:10,0
DA:12,0
LF:3
LH:0
BRDA:9,0,0,0
BRDA:10,1,0,0
BRDA:10,1,1,0
BRF:3
BRH:0
end_of_record
TN:
SF:src/components/calendar/TeamCalendarNavigation.tsx
FN:13,(anonymous_0)
FN:25,(anonymous_1)
FN:35,(anonymous_2)
FN:58,(anonymous_3)
FNF:4
FNH:0
FNDA:0,(anonymous_0)
FNDA:0,(anonymous_1)
FNDA:0,(anonymous_2)
FNDA:0,(anonymous_3)
DA:13,0
DA:20,0
DA:25,0
DA:35,0
DA:58,0
LF:5
LH:0
BRDA:22,0,0,0
BRDA:22,0,1,0
BRDA:44,1,0,0
BRDA:44,1,1,0
BRF:4
BRH:0
end_of_record
TN:
SF:src/components/calendar/VacationStatsCard.tsx
FN:9,(anonymous_0)
FNF:1
FNH:0
FNDA:0,(anonymous_0)
DA:9,0
DA:10,0
LF:2
LH:0
BRF:0
BRH:0
end_of_record
TN:
SF:src/components/fileupload/FilePreview.tsx
FN:15,(anonymous_0)
FN:24,(anonymous_1)
FN:29,(anonymous_2)
FNF:3
FNH:0
FNDA:0,(anonymous_0)
FNDA:0,(anonymous_1)
FNDA:0,(anonymous_2)
DA:15,0
DA:16,0
DA:17,0
DA:18,0
DA:19,0
DA:21,0
DA:24,0
DA:25,0
DA:26,0
DA:29,0
DA:37,0
LF:11
LH:0
BRDA:16,0,0,0
BRDA:16,0,1,0
BRDA:18,1,0,0
BRDA:18,1,1,0
BRDA:25,2,0,0
BRDA:25,2,1,0
BRDA:41,3,0,0
BRDA:41,3,1,0
BRDA:41,4,0,0
BRDA:41,4,1,0
BRDA:78,5,0,0
BRDA:78,5,1,0
BRDA:90,6,0,0
BRDA:90,6,1,0
BRF:14
BRH:0
end_of_record
TN:
SF:src/components/fileupload/FileTypeHelp.tsx
FN:8,(anonymous_0)
FNF:1
FNH:0
FNDA:0,(anonymous_0)
DA:8,0
DA:12,0
LF:2
LH:0
BRDA:17,0,0,0
BRDA:17,0,1,0
BRF:2
BRH:0
end_of_record
TN:
SF:src/components/fileupload/UploadArea.tsx
FN:20,(anonymous_0)
FNF:1
FNH:0
FNDA:0,(anonymous_0)
DA:20,0
DA:35,0
LF:2
LH:0
BRDA:38,0,0,0
BRDA:38,0,1,0
BRDA:42,1,0,0
BRDA:42,1,1,0
BRDA:43,2,0,0
BRDA:43,2,1,0
BRDA:61,3,0,0
BRDA:61,3,1,0
BRDA:64,4,0,0
BRDA:64,4,1,0
BRDA:69,5,0,0
BRDA:69,5,1,0
BRDA:70,6,0,0
BRDA:70,6,1,0
BRDA:73,7,0,0
BRDA:73,7,1,0
BRDA:77,8,0,0
BRDA:77,8,1,0
BRF:18
BRH:0
end_of_record
TN:
SF:src/components/fileupload/useFileUpload.ts
FN:10,(anonymous_0)
FN:16,(anonymous_1)
FN:33,(anonymous_2)
FN:41,(anonymous_3)
FN:46,(anonymous_4)
FN:51,(anonymous_5)
FN:61,(anonymous_6)
FN:67,(anonymous_7)
FNF:8
FNH:0
FNDA:0,(anonymous_0)
FNDA:0,(anonymous_1)
FNDA:0,(anonymous_2)
FNDA:0,(anonymous_3)
FNDA:0,(anonymous_4)
FNDA:0,(anonymous_5)
FNDA:0,(anonymous_6)
FNDA:0,(anonymous_7)
DA:10,0
DA:11,0
DA:12,0
DA:13,0
DA:14,0
DA:16,0
DA:17,0
DA:19,0
DA:20,0
DA:23,0
DA:24,0
DA:25,0
DA:27,0
DA:30,0
DA:33,0
DA:34,0
DA:35,0
DA:36,0
DA:38,0
DA:41,0
DA:42,0
DA:43,0
DA:46,0
DA:47,0
DA:48,0
DA:51,0
DA:52,0
DA:53,0
DA:55,0
DA:56,0
DA:57,0
DA:61,0
DA:62,0
DA:63,0
DA:67,0
DA:68,0
DA:69,0
DA:70,0
DA:74,0
LF:39
LH:0
BRDA:19,0,0,0
BRDA:19,0,1,0
BRDA:23,1,0,0
BRDA:23,1,1,0
BRDA:34,2,0,0
BRDA:34,2,1,0
BRDA:56,3,0,0
BRDA:56,3,1,0
BRDA:62,4,0,0
BRDA:62,4,1,0
BRDA:62,5,0,0
BRDA:62,5,1,0
BRDA:68,6,0,0
BRDA:68,6,1,0
BRDA:69,7,0,0
BRDA:69,7,1,0
BRF:16
BRH:0
end_of_record
TN:
SF:src/components/lootbox/CelebrationOverlay.tsx
FN:12,(anonymous_0)
FN:18,(anonymous_1)
FN:20,(anonymous_2)
FNF:3
FNH:0
FNDA:0,(anonymous_0)
FNDA:0,(anonymous_1)
FNDA:0,(anonymous_2)
DA:12,0
DA:18,0
DA:19,0
DA:20,0
DA:23,0
LF:5
LH:0
BRDA:15,0,0,0
BRF:1
BRH:0
end_of_record
TN:
SF:src/components/lootbox/LootboxHelpers.ts
FN:3,(anonymous_0)
FN:4,(anonymous_1)
FN:12,(anonymous_2)
FN:16,(anonymous_3)
FN:22,(anonymous_4)
FN:33,(anonymous_5)
FN:46,(anonymous_6)
FN:57,(anonymous_7)
FN:61,(anonymous_8)
FNF:9
FNH:0
FNDA:0,(anonymous_0)
FNDA:0,(anonymous_1)
FNDA:0,(anonymous_2)
FNDA:0,(anonymous_3)
FNDA:0,(anonymous_4)
FNDA:0,(anonymous_5)
FNDA:0,(anonymous_6)
FNDA:0,(anonymous_7)
FNDA:0,(anonymous_8)
DA:3,0
DA:4,0
DA:12,0
DA:16,0
DA:17,0
DA:18,0
DA:22,0
DA:23,0
DA:25,0
DA:27,0
DA:29,0
DA:33,0
DA:34,0
DA:36,0
DA:38,0
DA:40,0
DA:42,0
DA:46,0
DA:47,0
DA:49,0
DA:51,0
DA:53,0
DA:57,0
DA:60,0
DA:61,0
DA:62,0
LF:26
LH:0
BRDA:23,0,0,0
BRDA:23,0,1,0
BRDA:23,0,2,0
BRDA:34,1,0,0
BRDA:34,1,1,0
BRDA:34,1,2,0
BRDA:34,1,3,0
BRDA:47,2,0,0
BRDA:47,2,1,0
BRDA:47,2,2,0
BRF:10
BRH:0
end_of_record
TN:
SF:src/components/lootbox/LootboxStages.tsx
FN:14,(anonymous_0)
FNF:1
FNH:0
FNDA:0,(anonymous_0)
DA:14,0
DA:15,0
DA:16,0
DA:30,0
DA:31,0
DA:41,0
DA:42,0
DA:71,0
DA:72,0
DA:79,0
LF:10
LH:0
BRDA:15,0,0,0
BRDA:15,0,1,0
BRDA:30,1,0,0
BRDA:30,1,1,0
BRDA:41,2,0,0
BRDA:41,2,1,0
BRDA:54,3,0,0
BRDA:54,3,1,0
BRDA:58,4,0,0
BRDA:58,4,1,0
BRDA:71,5,0,0
BRDA:71,5,1,0
BRF:12
BRH:0
end_of_record
TN:
SF:src/components/lootbox/MultiRewardAnimation.tsx
FN:11,(anonymous_0)
FN:17,(anonymous_1)
FNF:2
FNH:0
FNDA:0,(anonymous_0)
FNDA:0,(anonymous_1)
DA:11,0
DA:15,0
DA:17,0
DA:18,0
DA:19,0
DA:21,0
DA:25,0
DA:26,0
DA:29,0
LF:9
LH:0
BRDA:18,0,0,0
BRDA:18,0,1,0
BRDA:25,1,0,0
BRDA:25,1,1,0
BRF:4
BRH:0
end_of_record
TN:
SF:src/components/lootbox/ParticleEffect.tsx
FN:15,(anonymous_0)
FN:20,(anonymous_1)
FNF:2
FNH:0
FNDA:0,(anonymous_0)
FNDA:0,(anonymous_1)
DA:15,0
DA:16,0
DA:18,0
DA:21,0
LF:4
LH:0
BRDA:16,0,0,0
BRDA:16,0,1,0
BRF:2
BRH:0
end_of_record
TN:
SF:src/components/lootbox/useLootboxAnimation.ts
FN:10,(anonymous_0)
FN:14,(anonymous_1)
FN:20,(anonymous_2)
FN:24,(anonymous_3)
FN:29,(anonymous_4)
FNF:5
FNH:0
FNDA:0,(anonymous_0)
FNDA:0,(anonymous_1)
FNDA:0,(anonymous_2)
FNDA:0,(anonymous_3)
FNDA:0,(anonymous_4)
DA:10,0
DA:11,0
DA:12,0
DA:14,0
DA:15,0
DA:16,0
DA:20,0
DA:21,0
DA:22,0
DA:23,0
DA:24,0
DA:26,0
DA:29,0
DA:30,0
DA:33,0
LF:15
LH:0
BRDA:15,0,0,0
BRDA:15,0,1,0
BRDA:21,1,0,0
BRDA:21,1,1,0
BRF:4
BRH:0
end_of_record
TN:
SF:src/components/news/FileViewer.tsx
FN:12,(anonymous_0)
FN:49,(anonymous_1)
FNF:2
FNH:0
FNDA:0,(anonymous_0)
FNDA:0,(anonymous_1)
DA:12,0
DA:18,0
DA:19,0
DA:31,0
DA:32,0
DA:46,0
DA:49,0
DA:50,0
LF:8
LH:0
BRDA:18,0,0,0
BRDA:18,0,1,0
BRDA:31,1,0,0
BRDA:31,1,1,0
BRF:4
BRH:0
end_of_record
TN:
SF:src/components/news/NewsActions.tsx
FN:14,(anonymous_0)
FNF:1
FNH:0
FNDA:0,(anonymous_0)
DA:14,0
DA:21,0
LF:2
LH:0
BRDA:35,0,0,0
BRDA:35,0,1,0
BRDA:35,0,2,0
BRF:3
BRH:0
end_of_record
TN:
SF:src/components/news/NewsCard.tsx
FN:15,(anonymous_0)
FNF:1
FNH:0
FNDA:0,(anonymous_0)
DA:15,0
DA:16,0
DA:17,0
DA:19,0
LF:4
LH:0
BRDA:33,0,0,0
BRDA:33,0,1,0
BRDA:48,1,0,0
BRDA:48,1,1,0
BRF:4
BRH:0
end_of_record
TN:
SF:src/components/news/useNewsCard.ts
FN:3,(anonymous_0)
FN:4,(anonymous_1)
FN:13,(anonymous_2)
FN:34,(anonymous_3)
FNF:4
FNH:0
FNDA:0,(anonymous_0)
FNDA:0,(anonymous_1)
FNDA:0,(anonymous_2)
FNDA:0,(anonymous_3)
DA:3,0
DA:4,0
DA:5,0
DA:6,0
DA:7,0
DA:8,0
DA:9,0
DA:10,0
DA:13,0
DA:14,0
DA:15,0
DA:16,0
DA:30,0
DA:34,0
DA:35,0
DA:42,0
LF:16
LH:0
BRDA:15,0,0,0
BRDA:15,0,1,0
BRF:2
BRH:0
end_of_record
TN:
SF:src/components/quiz/QuizContent.tsx
FN:28,(anonymous_0)
FN:47,(anonymous_1)
FNF:2
FNH:0
FNDA:0,(anonymous_0)
FNDA:0,(anonymous_1)
DA:28,0
DA:47,0
DA:48,0
DA:50,0
DA:60,0
DA:70,0
DA:85,0
DA:89,0
LF:8
LH:0
BRDA:48,0,0,0
BRDA:48,0,1,0
BRDA:48,0,2,0
BRDA:48,0,3,0
BRDA:98,1,0,0
BRDA:98,1,1,0
BRDA:108,2,0,0
BRDA:108,2,1,0
BRDA:108,2,2,0
BRF:9
BRH:0
end_of_record
TN:
SF:src/components/quiz/QuizControls.tsx
FN:16,(anonymous_0)
FN:76,(anonymous_1)
FN:103,(anonymous_2)
FNF:3
FNH:0
FNDA:0,(anonymous_0)
FNDA:0,(anonymous_1)
FNDA:0,(anonymous_2)
DA:16,0
DA:26,0
DA:76,0
DA:82,0
DA:103,0
DA:107,0
LF:6
LH:0
BRDA:42,0,0,0
BRDA:42,0,1,0
BRDA:48,1,0,0
BRDA:48,1,1,0
BRDA:57,2,0,0
BRDA:57,2,1,0
BRDA:62,3,0,0
BRDA:62,3,1,0
BRDA:109,4,0,0
BRDA:109,4,1,0
BRDA:116,5,0,0
BRDA:116,5,1,0
BRDA:118,6,0,0
BRDA:118,6,1,0
BRDA:122,7,0,0
BRDA:122,7,1,0
BRDA:125,8,0,0
BRDA:125,8,1,0
BRF:18
BRH:0
end_of_record
TN:
SF:src/components/quiz/QuizLogic.ts
FN:3,(anonymous_0)
FN:27,(anonymous_1)
FN:33,(anonymous_2)
FN:34,(anonymous_3)
FN:35,(anonymous_4)
FN:55,(anonymous_5)
FNF:6
FNH:0
FNDA:0,(anonymous_0)
FNDA:0,(anonymous_1)
FNDA:0,(anonymous_2)
FNDA:0,(anonymous_3)
FNDA:0,(anonymous_4)
FNDA:0,(anonymous_5)
DA:3,0
DA:8,0
DA:11,0
DA:14,0
DA:15,0
DA:18,0
DA:23,0
DA:27,0
DA:33,0
DA:34,0
DA:35,0
DA:36,0
DA:39,0
DA:40,0
DA:42,0
DA:55,0
DA:60,0
LF:17
LH:0
BRDA:8,0,0,0
BRDA:8,0,1,0
BRDA:8,0,2,0
BRDA:8,0,3,0
BRDA:8,0,4,0
BRDA:14,1,0,0
BRDA:14,1,1,0
BRDA:18,2,0,0
BRDA:18,2,1,0
BRDA:18,2,2,0
BRDA:36,3,0,0
BRDA:36,3,1,0
BRDA:36,4,0,0
BRDA:36,4,1,0
BRDA:50,5,0,0
BRDA:50,5,1,0
BRDA:51,6,0,0
BRDA:51,6,1,0
BRF:18
BRH:0
end_of_record
TN:
SF:src/components/quiz/QuizQuestionTypes.tsx
FN:19,(anonymous_0)
FN:26,(anonymous_1)
FN:39,(anonymous_2)
FN:49,(anonymous_3)
FN:56,(anonymous_4)
FN:63,(anonymous_5)
FN:84,(anonymous_6)
FN:100,(anonymous_7)
FN:104,(anonymous_8)
FN:117,(anonymous_9)
FN:120,(anonymous_10)
FNF:11
FNH:0
FNDA:0,(anonymous_0)
FNDA:0,(anonymous_1)
FNDA:0,(anonymous_2)
FNDA:0,(anonymous_3)
FNDA:0,(anonymous_4)
FNDA:0,(anonymous_5)
FNDA:0,(anonymous_6)
FNDA:0,(anonymous_7)
FNDA:0,(anonymous_8)
FNDA:0,(anonymous_9)
FNDA:0,(anonymous_10)
DA:7,0
DA:19,0
DA:25,0
DA:27,0
DA:39,0
DA:49,0
DA:55,0
DA:57,0
DA:63,0
DA:84,0
DA:93,0
DA:101,0
DA:104,0
DA:118,0
DA:120,0
LF:15
LH:0
BRDA:31,0,0,0
BRDA:31,0,1,0
BRDA:61,1,0,0
BRDA:61,1,1,0
BRDA:63,2,0,0
BRDA:63,2,1,0
BRDA:107,3,0,0
BRDA:107,3,1,0
BRDA:124,4,0,0
BRDA:124,4,1,0
BRDA:129,5,0,0
BRDA:129,5,1,0
BRF:12
BRH:0
end_of_record
TN:
SF:src/components/quiz/useDragAndDrop.ts
FN:3,(anonymous_0)
FN:7,(anonymous_1)
FN:8,(anonymous_2)
FN:12,(anonymous_3)
FN:16,(anonymous_4)
FN:24,(anonymous_5)
FN:30,(anonymous_6)
FNF:7
FNH:0
FNDA:0,(anonymous_0)
FNDA:0,(anonymous_1)
FNDA:0,(anonymous_2)
FNDA:0,(anonymous_3)
FNDA:0,(anonymous_4)
FNDA:0,(anonymous_5)
FNDA:0,(anonymous_6)
DA:3,0
DA:4,0
DA:5,0
DA:7,0
DA:8,0
DA:9,0
DA:12,0
DA:13,0
DA:16,0
DA:17,0
DA:18,0
DA:20,0
DA:21,0
DA:22,0
DA:24,0
DA:25,0
DA:27,0
DA:30,0
DA:31,0
DA:34,0
LF:20
LH:0
BRF:0
BRH:0
end_of_record
TN:
SF:src/components/quiz/useQuiz.ts
FN:18,(anonymous_0)
FN:39,(anonymous_1)
FN:50,(anonymous_2)
FN:62,(anonymous_3)
FN:70,(anonymous_4)
FN:78,(anonymous_5)
FN:81,(anonymous_6)
FNF:7
FNH:0
FNDA:0,(anonymous_0)
FNDA:0,(anonymous_1)
FNDA:0,(anonymous_2)
FNDA:0,(anonymous_3)
FNDA:0,(anonymous_4)
FNDA:0,(anonymous_5)
FNDA:0,(anonymous_6)
DA:18,0
DA:26,0
DA:27,0
DA:29,0
DA:30,0
DA:31,0
DA:32,0
DA:33,0
DA:34,0
DA:36,0
DA:37,0
DA:39,0
DA:40,0
DA:41,0
DA:42,0
DA:43,0
DA:45,0
DA:46,0
DA:50,0
DA:51,0
DA:53,0
DA:54,0
DA:55,0
DA:57,0
DA:58,0
DA:59,0
DA:62,0
DA:63,0
DA:64,0
DA:66,0
DA:70,0
DA:71,0
DA:73,0
DA:74,0
DA:75,0
DA:78,0
DA:79,0
DA:80,0
DA:81,0
DA:85,0
DA:89,0
DA:93,0
LF:42
LH:0
BRDA:45,0,0,0
BRDA:45,0,1,0
BRDA:45,1,0,0
BRDA:45,1,1,0
BRDA:51,2,0,0
BRDA:51,2,1,0
BRDA:51,3,0,0
BRDA:51,3,1,0
BRDA:63,4,0,0
BRDA:63,4,1,0
BRDA:71,5,0,0
BRDA:71,5,1,0
BRDA:80,6,0,0
BRDA:80,6,1,0
BRDA:80,7,0,0
BRDA:80,7,1,0
BRDA:85,8,0,0
BRDA:85,8,1,0
BRDA:85,8,2,0
BRDA:89,9,0,0
BRDA:89,9,1,0
BRF:21
BRH:0
end_of_record
TN:
SF:src/components/skills/SkillCard.tsx
FN:16,(anonymous_0)
FNF:1
FNH:0
FNDA:0,(anonymous_0)
DA:16,0
DA:22,0
DA:24,0
DA:26,0
DA:28,0
DA:31,0
LF:6
LH:0
BRDA:24,0,0,0
BRDA:24,0,1,0
BRDA:24,0,2,0
BRDA:24,0,3,0
BRF:4
BRH:0
end_of_record
TN:
SF:src/components/skills/SkillCardGrid.tsx
FN:11,(anonymous_0)
FNF:1
FNH:0
FNDA:0,(anonymous_0)
DA:11,0
DA:16,0
DA:20,0
LF:3
LH:0
BRDA:16,0,0,0
BRDA:16,0,1,0
BRDA:17,1,0,0
BRDA:17,1,1,0
BRDA:18,2,0,0
BRDA:18,2,1,0
BRDA:35,3,0,0
BRDA:35,3,1,0
BRDA:55,4,0,0
BRDA:55,4,1,0
BRF:10
BRH:0
end_of_record
TN:
SF:src/components/skills/SkillCardHorizontal.tsx
FN:11,(anonymous_0)
FNF:1
FNH:0
FNDA:0,(anonymous_0)
DA:11,0
DA:16,0
DA:20,0
LF:3
LH:0
BRDA:16,0,0,0
BRDA:16,0,1,0
BRDA:17,1,0,0
BRDA:17,1,1,0
BRDA:18,2,0,0
BRDA:18,2,1,0
BRDA:34,3,0,0
BRDA:34,3,1,0
BRDA:42,4,0,0
BRDA:42,4,1,0
BRF:10
BRH:0
end_of_record
TN:
SF:src/components/skills/SkillCardVertical.tsx
FN:11,(anonymous_0)
FNF:1
FNH:0
FNDA:0,(anonymous_0)
DA:11,0
DA:16,0
DA:20,0
LF:3
LH:0
BRDA:16,0,0,0
BRDA:16,0,1,0
BRDA:17,1,0,0
BRDA:17,1,1,0
BRDA:18,2,0,0
BRDA:18,2,1,0
BRDA:33,3,0,0
BRDA:33,3,1,0
BRDA:50,4,0,0
BRDA:50,4,1,0
BRF:10
BRH:0
end_of_record
TN:
SF:src/components/skills/SkillsHeader.tsx
FN:7,(anonymous_0)
FNF:1
FNH:0
FNDA:0,(anonymous_0)
DA:7,0
DA:8,0
LF:2
LH:0
BRF:0
BRH:0
end_of_record
TN:
SF:src/components/skills/SkillsSummaryStats.tsx
FN:10,(anonymous_0)
FN:14,(anonymous_1)
FNF:2
FNH:0
FNDA:0,(anonymous_0)
FNDA:0,(anonymous_1)
DA:10,0
DA:14,0
DA:15,0
DA:17,0
LF:4
LH:0
BRF:0
BRH:0
end_of_record
TN:
SF:src/components/video/ProgressBar.tsx
FN:9,(anonymous_0)
FN:17,(anonymous_1)
FNF:2
FNH:0
FNDA:0,(anonymous_0)
FNDA:0,(anonymous_1)
DA:9,0
DA:14,0
DA:18,0
DA:19,0
DA:20,0
DA:21,0
LF:6
LH:0
BRDA:18,0,0,0
BRDA:18,0,1,0
BRF:2
BRH:0
end_of_record
TN:
SF:src/components/video/TranscriptPanel.tsx
FN:13,(anonymous_0)
FN:22,(anonymous_1)
FN:29,(anonymous_2)
FN:38,(anonymous_3)
FNF:4
FNH:0
FNDA:0,(anonymous_0)
FNDA:0,(anonymous_1)
FNDA:0,(anonymous_2)
FNDA:0,(anonymous_3)
DA:13,0
DA:19,0
DA:21,0
DA:22,0
DA:25,0
DA:30,0
DA:39,0
DA:40,0
LF:8
LH:0
BRDA:19,0,0,0
BRDA:19,0,1,0
BRDA:22,1,0,0
BRDA:22,1,1,0
BRDA:34,2,0,0
BRDA:34,2,1,0
BRDA:39,3,0,0
BRDA:39,3,1,0
BRF:8
BRH:0
end_of_record
TN:
SF:src/components/video/VideoContainer.tsx
FN:12,(anonymous_0)
FNF:1
FNH:0
FNDA:0,(anonymous_0)
DA:12,0
DA:18,0
LF:2
LH:0
BRDA:19,0,0,0
BRDA:19,0,1,0
BRDA:19,1,0,0
BRDA:19,1,1,0
BRF:4
BRH:0
end_of_record
TN:
SF:src/components/video/VideoControls.tsx
FN:18,(anonymous_0)
FN:48,(anonymous_1)
FN:55,(anonymous_2)
FNF:3
FNH:0
FNDA:0,(anonymous_0)
FNDA:0,(anonymous_1)
FNDA:0,(anonymous_2)
DA:18,0
DA:30,0
DA:48,0
DA:55,0
LF:4
LH:0
BRDA:36,0,0,0
BRDA:36,0,1,0
BRDA:78,1,0,0
BRDA:78,1,1,0
BRF:4
BRH:0
end_of_record
TN:
SF:src/components/video/useVideoPlayer.ts
FN:20,(anonymous_0)
FN:28,(anonymous_1)
FN:36,(anonymous_2)
FN:41,(anonymous_3)
FN:42,(anonymous_4)
FN:47,(anonymous_5)
FN:51,(anonymous_6)
FN:58,(anonymous_7)
FN:66,(anonymous_8)
FN:67,(anonymous_9)
FN:77,(anonymous_10)
FN:83,(anonymous_11)
FN:96,(anonymous_12)
FN:97,(anonymous_13)
FN:103,(anonymous_14)
FN:107,(anonymous_15)
FN:114,(anonymous_16)
FN:122,(anonymous_17)
FN:153,(anonymous_18)
FNF:19
FNH:0
FNDA:0,(anonymous_0)
FNDA:0,(anonymous_1)
FNDA:0,(anonymous_2)
FNDA:0,(anonymous_3)
FNDA:0,(anonymous_4)
FNDA:0,(anonymous_5)
FNDA:0,(anonymous_6)
FNDA:0,(anonymous_7)
FNDA:0,(anonymous_8)
FNDA:0,(anonymous_9)
FNDA:0,(anonymous_10)
FNDA:0,(anonymous_11)
FNDA:0,(anonymous_12)
FNDA:0,(anonymous_13)
FNDA:0,(anonymous_14)
FNDA:0,(anonymous_15)
FNDA:0,(anonymous_16)
FNDA:0,(anonymous_17)
FNDA:0,(anonymous_18)
DA:20,0
DA:28,0
DA:29,0
DA:31,0
DA:32,0
DA:36,0
DA:37,0
DA:38,0
DA:41,0
DA:42,0
DA:44,0
DA:47,0
DA:51,0
DA:53,0
DA:54,0
DA:55,0
DA:56,0
DA:58,0
DA:59,0
DA:60,0
DA:61,0
DA:62,0
DA:66,0
DA:67,0
DA:68,0
DA:69,0
DA:70,0
DA:72,0
DA:77,0
DA:78,0
DA:79,0
DA:83,0
DA:84,0
DA:85,0
DA:87,0
DA:88,0
DA:89,0
DA:93,0
DA:96,0
DA:97,0
DA:98,0
DA:99,0
DA:100,0
DA:103,0
DA:104,0
DA:106,0
DA:107,0
DA:111,0
DA:114,0
DA:115,0
DA:116,0
DA:117,0
DA:118,0
DA:119,0
DA:120,0
DA:122,0
DA:123,0
DA:124,0
DA:126,0
DA:135,0
DA:138,0
DA:139,0
DA:141,0
DA:153,0
DA:154,0
DA:155,0
DA:156,0
LF:67
LH:0
BRDA:31,0,0,0
BRDA:31,0,1,0
BRDA:38,1,0,0
BRDA:38,1,1,0
BRDA:68,2,0,0
BRDA:68,2,1,0
BRDA:69,3,0,0
BRDA:69,3,1,0
BRDA:78,4,0,0
BRDA:78,4,1,0
BRDA:85,5,0,0
BRDA:85,5,1,0
BRDA:88,6,0,0
BRDA:88,6,1,0
BRDA:104,7,0,0
BRDA:104,7,1,0
BRDA:107,8,0,0
BRDA:107,8,1,0
BRDA:124,9,0,0
BRDA:124,9,1,0
BRF:20
BRH:0
end_of_record
TN:
SF:src/components/yearview/UserVacationRow.tsx
FN:16,(anonymous_0)
FN:28,(anonymous_1)
FNF:2
FNH:0
FNDA:0,(anonymous_0)
FNDA:0,(anonymous_1)
DA:16,0
DA:24,0
DA:29,0
DA:30,0
LF:4
LH:0
BRDA:29,0,0,0
BRDA:29,0,1,0
BRF:2
BRH:0
end_of_record
TN:
SF:src/components/yearview/WeekCell.tsx
FN:15,(anonymous_0)
FN:29,(anonymous_1)
FN:30,(anonymous_2)
FN:45,(anonymous_3)
FNF:4
FNH:0
FNDA:0,(anonymous_0)
FNDA:0,(anonymous_1)
FNDA:0,(anonymous_2)
FNDA:0,(anonymous_3)
DA:15,0
DA:21,0
DA:22,0
DA:23,0
DA:24,0
DA:26,0
DA:29,0
DA:30,0
DA:46,0
LF:9
LH:0
BRDA:39,0,0,0
BRDA:39,0,1,0
BRDA:43,1,0,0
BRDA:43,1,1,0
BRDA:47,2,0,0
BRDA:47,2,1,0
BRF:6
BRH:0
end_of_record
TN:
SF:src/components/yearview/WeekHeaderRow.tsx
FN:11,(anonymous_0)
FN:21,(anonymous_1)
FNF:2
FNH:0
FNDA:0,(anonymous_0)
FNDA:0,(anonymous_1)
DA:11,0
DA:16,0
DA:22,0
DA:23,0
DA:24,0
DA:27,0
LF:6
LH:0
BRDA:19,0,0,0
BRDA:19,0,1,0
BRDA:24,1,0,0
BRDA:24,1,1,0
BRDA:24,1,2,0
BRDA:29,2,0,0
BRDA:29,2,1,0
BRF:7
BRH:0
end_of_record
TN:
SF:src/components/yearview/yearViewHelpers.ts
FN:5,(anonymous_0)
FN:20,(anonymous_1)
FN:27,(anonymous_2)
FN:30,(anonymous_3)
FN:31,(anonymous_4)
FN:39,(anonymous_5)
FN:56,(anonymous_6)
FNF:7
FNH:0
FNDA:0,(anonymous_0)
FNDA:0,(anonymous_1)
FNDA:0,(anonymous_2)
FNDA:0,(anonymous_3)
FNDA:0,(anonymous_4)
FNDA:0,(anonymous_5)
FNDA:0,(anonymous_6)
DA:5,0
DA:6,0
DA:7,0
DA:8,0
DA:10,0
DA:11,0
DA:12,0
DA:14,0
DA:15,0
DA:17,0
DA:20,0
DA:21,0
DA:22,0
DA:23,0
DA:24,0
DA:27,0
DA:28,0
DA:30,0
DA:31,0
DA:33,0
DA:34,0
DA:35,0
DA:36,0
DA:39,0
DA:40,0
DA:41,0
DA:44,0
DA:46,0
DA:48,0
DA:50,0
DA:52,0
DA:56,0
DA:57,0
DA:58,0
DA:59,0
DA:60,0
DA:63,0
LF:37
LH:0
BRDA:11,0,0,0
BRDA:11,0,1,0
BRDA:28,1,0,0
BRDA:28,1,1,0
BRDA:33,2,0,0
BRDA:33,2,1,0
BRDA:33,3,0,0
BRDA:33,3,1,0
BRDA:34,4,0,0
BRDA:34,4,1,0
BRDA:35,5,0,0
BRDA:35,5,1,0
BRDA:40,6,0,0
BRDA:40,6,1,0
BRDA:44,7,0,0
BRDA:44,7,1,0
BRDA:44,7,2,0
BRDA:44,7,3,0
BRF:18
BRH:0
end_of_record
TN:
SF:src/design-system/index.ts
FNF:0
FNH:0
LF:0
LH:0
BRF:0
BRH:0
end_of_record
TN:
SF:src/design-system/components/layout/Card.tsx
FN:64,(anonymous_0)
FN:108,(anonymous_1)
FN:124,(anonymous_2)
FN:145,(anonymous_3)
FN:173,(anonymous_4)
FN:217,(anonymous_5)
FN:242,(anonymous_6)
FNF:7
FNH:0
FNDA:0,(anonymous_0)
FNDA:0,(anonymous_1)
FNDA:0,(anonymous_2)
FNDA:0,(anonymous_3)
FNDA:0,(anonymous_4)
FNDA:0,(anonymous_5)
FNDA:0,(anonymous_6)
DA:38,0
DA:45,0
DA:53,0
DA:64,0
DA:74,0
DA:76,0
DA:108,0
DA:113,0
DA:124,0
DA:129,0
DA:145,0
DA:149,0
DA:173,0
DA:181,0
DA:217,0
DA:222,0
DA:242,0
DA:248,0
LF:18
LH:0
BRDA:67,0,0,0
BRDA:68,1,0,0
BRDA:69,2,0,0
BRDA:70,3,0,0
BRDA:72,4,0,0
BRDA:74,5,0,0
BRDA:74,5,1,0
BRDA:86,6,0,0
BRDA:86,6,1,0
BRDA:89,7,0,0
BRDA:89,7,1,0
BRDA:116,8,0,0
BRDA:116,8,1,0
BRDA:127,9,0,0
BRDA:133,10,0,0
BRDA:133,10,1,0
BRDA:185,11,0,0
BRDA:185,11,1,0
BRDA:190,12,0,0
BRDA:190,12,1,0
BRDA:193,13,0,0
BRDA:193,13,1,0
BRDA:198,14,0,0
BRDA:198,14,1,0
BRDA:201,15,0,0
BRDA:201,15,1,0
BRF:26
BRH:0
end_of_record
TN:
SF:src/design-system/components/layout/Container.tsx
FN:46,(anonymous_0)
FN:71,(anonymous_1)
FN:146,(anonymous_2)
FN:188,(anonymous_3)
FNF:4
FNH:0
FNDA:0,(anonymous_0)
FNDA:0,(anonymous_1)
FNDA:0,(anonymous_2)
FNDA:0,(anonymous_3)
DA:28,0
DA:36,0
DA:46,0
DA:53,0
DA:71,0
DA:80,0
DA:140,0
DA:146,0
DA:153,0
DA:188,0
DA:194,0
DA:195,0
DA:198,0
LF:13
LH:0
BRDA:49,0,0,0
BRDA:50,1,0,0
BRDA:51,2,0,0
BRDA:58,3,0,0
BRDA:58,3,1,0
BRDA:77,4,0,0
BRDA:84,5,0,0
BRDA:84,5,1,0
BRDA:84,5,2,0
BRDA:84,5,3,0
BRDA:84,5,4,0
BRDA:87,6,0,0
BRDA:87,6,1,0
BRDA:87,6,2,0
BRDA:99,7,0,0
BRDA:99,7,1,0
BRDA:104,8,0,0
BRDA:104,8,1,0
BRDA:112,9,0,0
BRDA:112,9,1,0
BRDA:151,10,0,0
BRDA:156,11,0,0
BRDA:156,11,1,0
BRDA:156,11,2,0
BRDA:158,12,0,0
BRDA:158,12,1,0
BRDA:163,13,0,0
BRDA:163,13,1,0
BRDA:191,14,0,0
BRDA:194,15,0,0
BRDA:194,15,1,0
BRDA:200,16,0,0
BRDA:200,16,1,0
BRDA:200,16,2,0
BRDA:207,17,0,0
BRDA:207,17,1,0
BRDA:212,18,0,0
BRDA:212,18,1,0
BRDA:212,18,2,0
BRF:39
BRH:0
end_of_record
TN:
SF:src/design-system/components/layout/Grid.tsx
FN:85,(anonymous_0)
FN:114,(anonymous_1)
FN:148,(anonymous_2)
FN:158,(anonymous_3)
FN:168,(anonymous_4)
FN:178,(anonymous_5)
FNF:6
FNH:0
FNDA:0,(anonymous_0)
FNDA:0,(anonymous_1)
FNDA:0,(anonymous_2)
FNDA:0,(anonymous_3)
FNDA:0,(anonymous_4)
FNDA:0,(anonymous_5)
DA:34,0
DA:42,0
DA:51,0
DA:67,0
DA:85,0
DA:94,0
DA:114,0
DA:125,0
DA:148,0
DA:152,0
DA:158,0
DA:162,0
DA:168,0
DA:172,0
DA:178,0
DA:182,0
LF:16
LH:0
BRDA:88,0,0,0
BRDA:89,1,0,0
BRDA:100,2,0,0
BRDA:100,2,1,0
BRDA:101,3,0,0
BRDA:101,3,1,0
BRDA:102,4,0,0
BRDA:102,4,1,0
BRDA:117,5,0,0
BRDA:129,6,0,0
BRDA:129,6,1,0
BRDA:130,7,0,0
BRDA:130,7,1,0
BRDA:131,8,0,0
BRDA:131,8,1,0
BRDA:132,9,0,0
BRDA:132,9,1,0
BRDA:133,10,0,0
BRDA:133,10,1,0
BRDA:134,11,0,0
BRDA:134,11,1,0
BRF:21
BRH:0
end_of_record
TN:
SF:src/design-system/examples/DashboardExample.tsx
FN:12,(anonymous_0)
FN:164,(anonymous_1)
FNF:2
FNH:0
FNDA:0,(anonymous_0)
FNDA:0,(anonymous_1)
DA:12,0
DA:13,0
DA:164,0
DA:165,0
LF:4
LH:0
BRF:0
BRH:0
end_of_record
TN:
SF:src/design-system/tokens/colors.ts
FNF:0
FNH:0
DA:6,0
DA:98,0
LF:2
LH:0
BRF:0
BRH:0
end_of_record
TN:
SF:src/design-system/tokens/index.ts
FNF:0
FNH:0
DA:11,0
DA:23,0
DA:32,0
DA:38,0
DA:47,0
LF:5
LH:0
BRF:0
BRH:0
end_of_record
TN:
SF:src/design-system/tokens/spacing.ts
FNF:0
FNH:0
DA:6,0
DA:34,0
LF:2
LH:0
BRF:0
BRH:0
end_of_record
TN:
SF:src/design-system/tokens/typography.ts
FNF:0
FNH:0
DA:6,0
DA:18,0
DA:25,0
DA:31,0
DA:38,0
LF:5
LH:0
BRF:0
BRH:0
end_of_record
TN:
SF:src/hooks/index.ts
FNF:0
FNH:0
LF:0
LH:0
BRF:0
BRH:0
end_of_record
TN:
SF:src/hooks/useBenefitManagement.ts
FN:5,(anonymous_0)
FN:23,(anonymous_1)
FN:34,(anonymous_2)
FN:45,(anonymous_3)
FN:97,(anonymous_4)
FN:110,(anonymous_5)
FNF:6
FNH:0
FNDA:0,(anonymous_0)
FNDA:0,(anonymous_1)
FNDA:0,(anonymous_2)
FNDA:0,(anonymous_3)
FNDA:0,(anonymous_4)
FNDA:0,(anonymous_5)
DA:5,0
DA:12,0
DA:14,0
DA:15,0
DA:16,0
DA:17,0
DA:18,0
DA:19,0
DA:20,0
DA:21,0
DA:23,0
DA:24,0
DA:25,0
DA:26,0
DA:27,0
DA:28,0
DA:29,0
DA:30,0
DA:31,0
DA:34,0
DA:35,0
DA:36,0
DA:37,0
DA:38,0
DA:39,0
DA:40,0
DA:41,0
DA:42,0
DA:45,0
DA:46,0
DA:48,0
DA:50,0
DA:51,0
DA:52,0
DA:55,0
DA:56,0
DA:57,0
DA:58,0
DA:61,0
DA:62,0
DA:63,0
DA:64,0
DA:67,0
DA:68,0
DA:69,0
DA:78,0
DA:89,0
DA:90,0
DA:92,0
DA:93,0
DA:97,0
DA:98,0
DA:102,0
DA:103,0
DA:105,0
DA:110,0
DA:118,0
DA:119,0
DA:120,0
DA:123,0
DA:124,0
DA:125,0
DA:127,0
DA:131,0
LF:64
LH:0
BRDA:30,0,0,0
BRDA:30,0,1,0
BRDA:46,1,0,0
BRDA:46,1,1,0
BRDA:50,2,0,0
BRDA:50,2,1,0
BRDA:50,3,0,0
BRDA:50,3,1,0
BRDA:50,3,2,0
BRDA:50,3,3,0
BRDA:56,4,0,0
BRDA:56,4,1,0
BRDA:56,5,0,0
BRDA:56,5,1,0
BRDA:61,6,0,0
BRDA:61,6,1,0
BRDA:62,7,0,0
BRDA:62,7,1,0
BRDA:62,8,0,0
BRDA:62,8,1,0
BRDA:62,8,2,0
BRDA:62,8,3,0
BRDA:68,9,0,0
BRDA:68,9,1,0
BRDA:98,10,0,0
BRDA:98,10,1,0
BRDA:118,11,0,0
BRDA:118,11,1,0
BRF:28
BRH:0
end_of_record
TN:
SF:src/hooks/useBenefitsData.ts
FN:6,(anonymous_0)
FN:14,(anonymous_1)
FN:22,(anonymous_2)
FNF:3
FNH:0
FNDA:0,(anonymous_0)
FNDA:0,(anonymous_1)
FNDA:0,(anonymous_2)
DA:6,0
DA:7,0
DA:8,0
DA:10,0
DA:11,0
DA:12,0
DA:14,0
DA:15,0
DA:16,0
DA:17,0
DA:18,0
DA:22,0
DA:23,0
DA:24,0
DA:25,0
DA:29,0
LF:16
LH:0
BRDA:15,0,0,0
BRDA:15,0,1,0
BRDA:18,1,0,0
BRDA:18,1,1,0
BRDA:23,2,0,0
BRDA:23,2,1,0
BRF:6
BRH:0
end_of_record
TN:
SF:src/hooks/useCalendarData.ts
FN:10,(anonymous_0)
FN:18,(anonymous_1)
FN:21,(anonymous_2)
FN:22,(anonymous_3)
FN:39,(anonymous_4)
FN:51,(anonymous_5)
FN:58,(anonymous_6)
FN:76,(anonymous_7)
FN:91,(anonymous_8)
FN:97,(anonymous_9)
FN:110,(anonymous_10)
FN:114,(anonymous_11)
FN:121,(anonymous_12)
FN:138,(anonymous_13)
FN:144,(anonymous_14)
FN:148,(anonymous_15)
FN:158,(anonymous_16)
FN:159,(anonymous_17)
FN:173,(anonymous_18)
FN:185,(anonymous_19)
FN:186,(anonymous_20)
FN:203,(anonymous_21)
FN:217,(anonymous_22)
FN:227,(anonymous_23)
FN:236,(anonymous_24)
FN:237,(anonymous_25)
FN:239,(anonymous_26)
FNF:27
FNH:0
FNDA:0,(anonymous_0)
FNDA:0,(anonymous_1)
FNDA:0,(anonymous_2)
FNDA:0,(anonymous_3)
FNDA:0,(anonymous_4)
FNDA:0,(anonymous_5)
FNDA:0,(anonymous_6)
FNDA:0,(anonymous_7)
FNDA:0,(anonymous_8)
FNDA:0,(anonymous_9)
FNDA:0,(anonymous_10)
FNDA:0,(anonymous_11)
FNDA:0,(anonymous_12)
FNDA:0,(anonymous_13)
FNDA:0,(anonymous_14)
FNDA:0,(anonymous_15)
FNDA:0,(anonymous_16)
FNDA:0,(anonymous_17)
FNDA:0,(anonymous_18)
FNDA:0,(anonymous_19)
FNDA:0,(anonymous_20)
FNDA:0,(anonymous_21)
FNDA:0,(anonymous_22)
FNDA:0,(anonymous_23)
FNDA:0,(anonymous_24)
FNDA:0,(anonymous_25)
FNDA:0,(anonymous_26)
DA:10,0
DA:11,0
DA:12,0
DA:13,0
DA:14,0
DA:16,0
DA:18,0
DA:19,0
DA:21,0
DA:22,0
DA:23,0
DA:24,0
DA:27,0
DA:36,0
DA:39,0
DA:40,0
DA:41,0
DA:42,0
DA:44,0
DA:45,0
DA:46,0
DA:47,0
DA:50,0
DA:52,0
DA:53,0
DA:54,0
DA:59,0
DA:60,0
DA:62,0
DA:63,0
DA:74,0
DA:75,0
DA:76,0
DA:77,0
DA:78,0
DA:90,0
DA:92,0
DA:93,0
DA:98,0
DA:107,0
DA:110,0
DA:111,0
DA:113,0
DA:114,0
DA:115,0
DA:121,0
DA:122,0
DA:123,0
DA:124,0
DA:125,0
DA:128,0
DA:130,0
DA:138,0
DA:139,0
DA:140,0
DA:142,0
DA:144,0
DA:145,0
DA:148,0
DA:149,0
DA:150,0
DA:153,0
DA:154,0
DA:155,0
DA:156,0
DA:158,0
DA:159,0
DA:160,0
DA:162,0
DA:163,0
DA:165,0
DA:170,0
DA:173,0
DA:174,0
DA:175,0
DA:176,0
DA:178,0
DA:179,0
DA:180,0
DA:182,0
DA:185,0
DA:186,0
DA:187,0
DA:188,0
DA:190,0
DA:191,0
DA:192,0
DA:193,0
DA:194,0
DA:196,0
DA:197,0
DA:199,0
DA:202,0
DA:203,0
DA:205,0
DA:206,0
DA:208,0
DA:209,0
DA:210,0
DA:212,0
DA:213,0
DA:214,0
DA:216,0
DA:217,0
DA:218,0
DA:219,0
DA:220,0
DA:222,0
DA:227,0
DA:228,0
DA:229,0
DA:230,0
DA:232,0
DA:236,0
DA:237,0
DA:239,0
DA:240,0
DA:244,0
DA:257,0
DA:260,0
DA:263,0
LF:121
LH:0
BRDA:23,0,0,0
BRDA:23,0,1,0
BRDA:24,1,0,0
BRDA:24,1,1,0
BRDA:24,2,0,0
BRDA:24,2,1,0
BRDA:24,2,2,0
BRDA:36,3,0,0
BRDA:36,3,1,0
BRDA:54,4,0,0
BRDA:54,4,1,0
BRDA:54,4,2,0
BRDA:54,4,3,0
BRDA:54,4,4,0
BRDA:67,5,0,0
BRDA:67,5,1,0
BRDA:74,6,0,0
BRDA:74,6,1,0
BRDA:74,7,0,0
BRDA:74,7,1,0
BRDA:77,8,0,0
BRDA:77,8,1,0
BRDA:93,9,0,0
BRDA:93,9,1,0
BRDA:93,9,2,0
BRDA:93,9,3,0
BRDA:93,9,4,0
BRDA:111,10,0,0
BRDA:111,10,1,0
BRDA:115,11,0,0
BRDA:115,11,1,0
BRDA:115,11,2,0
BRDA:115,11,3,0
BRDA:128,12,0,0
BRDA:128,12,1,0
BRDA:142,13,0,0
BRDA:142,13,1,0
BRDA:142,14,0,0
BRDA:142,14,1,0
BRDA:150,15,0,0
BRDA:150,15,1,0
BRDA:160,16,0,0
BRDA:160,16,1,0
BRDA:165,17,0,0
BRDA:165,17,1,0
BRDA:179,18,0,0
BRDA:179,18,1,0
BRDA:193,19,0,0
BRDA:193,19,1,0
BRDA:199,20,0,0
BRDA:199,20,1,0
BRDA:199,21,0,0
BRDA:199,21,1,0
BRDA:202,22,0,0
BRDA:202,22,1,0
BRDA:214,23,0,0
BRDA:214,23,1,0
BRDA:222,24,0,0
BRDA:222,24,1,0
BRDA:222,24,2,0
BRDA:222,24,3,0
BRDA:222,24,4,0
BRDA:232,25,0,0
BRDA:232,25,1,0
BRDA:232,25,2,0
BRDA:232,25,3,0
BRDA:237,26,0,0
BRDA:237,26,1,0
BRDA:240,27,0,0
BRDA:240,27,1,0
BRDA:240,27,2,0
BRDA:240,27,3,0
BRF:72
BRH:0
end_of_record
TN:
SF:src/hooks/useEmployees.ts
FN:20,(anonymous_0)
FN:28,(anonymous_1)
FN:57,(anonymous_2)
FNF:3
FNH:0
FNDA:0,(anonymous_0)
FNDA:0,(anonymous_1)
FNDA:0,(anonymous_2)
DA:20,0
DA:21,0
DA:22,0
DA:23,0
DA:25,0
DA:26,0
DA:28,0
DA:29,0
DA:30,0
DA:32,0
DA:33,0
DA:35,0
DA:36,0
DA:39,0
DA:40,0
DA:43,0
DA:44,0
DA:45,0
DA:48,0
DA:49,0
DA:50,0
DA:53,0
DA:57,0
DA:58,0
DA:61,0
LF:25
LH:0
BRDA:33,0,0,0
BRDA:33,0,1,0
BRDA:43,1,0,0
[...]
FNDA:0,(anonymous_15)
FNDA:0,(anonymous_16)
FNDA:0,(anonymous_17)
FNDA:0,(anonymous_18)
FNDA:0,(anonymous_19)
FNDA:0,(anonymous_20)
FNDA:0,(anonymous_21)
FNDA:0,(anonymous_22)
FNDA:0,(anonymous_23)
FNDA:0,(anonymous_24)
FNDA:0,(anonymous_25)
FNDA:0,(anonymous_26)
FNDA:0,(anonymous_27)
FNDA:0,(anonymous_28)
FNDA:0,(anonymous_29)
FNDA:0,(anonymous_30)
FNDA:0,(anonymous_31)
DA:26,0
DA:27,0
DA:28,0
DA:31,0
DA:32,0
DA:33,0
DA:36,0
DA:38,0
DA:39,0
DA:41,0
DA:42,0
DA:44,0
DA:45,0
DA:47,0
DA:58,0
DA:61,0
DA:63,0
DA:69,0
DA:72,0
DA:73,0
DA:74,0
DA:77,0
DA:80,0
DA:84,0
DA:88,0
DA:89,0
DA:90,0
DA:95,0
DA:96,0
DA:97,0
DA:98,0
DA:101,0
DA:102,0
DA:109,0
DA:110,0
DA:111,0
DA:112,0
DA:114,0
DA:115,0
DA:116,0
DA:118,0
DA:119,0
DA:120,0
DA:121,0
DA:124,0
DA:125,0
DA:132,0
DA:133,0
DA:134,0
DA:138,0
DA:142,0
DA:144,0
DA:145,0
DA:146,0
DA:147,0
DA:150,0
DA:151,0
DA:152,0
DA:156,0
DA:157,0
DA:161,0
DA:171,0
DA:180,0
DA:181,0
DA:186,0
DA:188,0
DA:189,0
DA:190,0
DA:193,0
DA:194,0
DA:195,0
DA:199,0
DA:200,0
DA:201,0
DA:202,0
DA:203,0
DA:204,0
DA:207,0
DA:208,0
DA:213,0
DA:222,0
DA:223,0
DA:228,0
DA:230,0
DA:231,0
DA:236,0
DA:241,0
DA:242,0
DA:247,0
DA:249,0
DA:250,0
DA:251,0
DA:254,0
DA:256,0
DA:257,0
DA:262,0
DA:264,0
DA:265,0
DA:267,0
DA:269,0
DA:270,0
DA:275,0
DA:280,0
DA:281,0
LF:104
LH:0
BRDA:36,0,0,0
BRDA:36,0,1,0
BRDA:36,1,0,0
BRDA:36,1,1,0
BRDA:72,2,0,0
BRDA:72,2,1,0
BRDA:90,3,0,0
BRDA:90,3,1,0
BRDA:98,4,0,0
BRDA:98,4,1,0
BRDA:121,5,0,0
BRDA:121,5,1,0
BRDA:134,6,0,0
BRDA:134,6,1,0
BRDA:151,7,0,0
BRDA:151,7,1,0
BRDA:151,8,0,0
BRDA:151,8,1,0
BRDA:156,9,0,0
BRDA:156,9,1,0
BRDA:156,10,0,0
BRDA:156,10,1,0
BRDA:185,11,0,0
BRDA:194,12,0,0
BRDA:194,12,1,0
BRDA:194,13,0,0
BRDA:194,13,1,0
BRDA:208,14,0,0
BRDA:208,14,1,0
BRDA:251,15,0,0
BRDA:251,15,1,0
BRF:31
BRH:0
end_of_record
TN:
SF:src/state/training.ts
FN:186,(anonymous_0)
FN:194,(anonymous_1)
FN:198,(anonymous_2)
FN:206,(anonymous_3)
FN:216,(anonymous_4)
FN:217,(anonymous_5)
FN:218,(anonymous_6)
FN:224,(anonymous_7)
FN:225,(anonymous_8)
FN:226,(anonymous_9)
FN:227,(anonymous_10)
FN:228,(anonymous_11)
FN:232,(anonymous_12)
FN:233,(anonymous_13)
FN:236,(anonymous_14)
FN:238,(anonymous_15)
FN:255,(anonymous_16)
FN:261,(anonymous_17)
FN:266,(anonymous_18)
FN:267,(anonymous_19)
FN:268,(anonymous_20)
FN:274,(anonymous_21)
FN:275,(anonymous_22)
FN:276,(anonymous_23)
FN:280,(anonymous_24)
FN:282,(anonymous_25)
FN:283,(anonymous_26)
FN:286,(anonymous_27)
FN:287,(anonymous_28)
FN:290,(anonymous_29)
FN:291,(anonymous_30)
FN:292,(anonymous_31)
FN:300,(anonymous_32)
FN:314,(anonymous_33)
FN:322,(anonymous_34)
FN:337,(anonymous_35)
FN:345,(anonymous_36)
FN:351,(anonymous_37)
FN:356,(anonymous_38)
FN:357,(anonymous_39)
FN:359,(anonymous_40)
FN:362,(anonymous_41)
FN:378,(anonymous_42)
FN:379,(anonymous_43)
FN:382,(anonymous_44)
FN:384,(anonymous_45)
FN:386,(anonymous_46)
FN:387,(anonymous_47)
FN:388,(anonymous_48)
FN:389,(anonymous_49)
FN:392,(anonymous_50)
FN:393,(anonymous_51)
FN:394,(anonymous_52)
FN:407,(anonymous_53)
FN:408,(anonymous_54)
FNF:55
FNH:0
FNDA:0,(anonymous_0)
FNDA:0,(anonymous_1)
FNDA:0,(anonymous_2)
FNDA:0,(anonymous_3)
FNDA:0,(anonymous_4)
FNDA:0,(anonymous_5)
FNDA:0,(anonymous_6)
FNDA:0,(anonymous_7)
FNDA:0,(anonymous_8)
FNDA:0,(anonymous_9)
FNDA:0,(anonymous_10)
FNDA:0,(anonymous_11)
FNDA:0,(anonymous_12)
FNDA:0,(anonymous_13)
FNDA:0,(anonymous_14)
FNDA:0,(anonymous_15)
FNDA:0,(anonymous_16)
FNDA:0,(anonymous_17)
FNDA:0,(anonymous_18)
FNDA:0,(anonymous_19)
FNDA:0,(anonymous_20)
FNDA:0,(anonymous_21)
FNDA:0,(anonymous_22)
FNDA:0,(anonymous_23)
FNDA:0,(anonymous_24)
FNDA:0,(anonymous_25)
FNDA:0,(anonymous_26)
FNDA:0,(anonymous_27)
FNDA:0,(anonymous_28)
FNDA:0,(anonymous_29)
FNDA:0,(anonymous_30)
FNDA:0,(anonymous_31)
FNDA:0,(anonymous_32)
FNDA:0,(anonymous_33)
FNDA:0,(anonymous_34)
FNDA:0,(anonymous_35)
FNDA:0,(anonymous_36)
FNDA:0,(anonymous_37)
FNDA:0,(anonymous_38)
FNDA:0,(anonymous_39)
FNDA:0,(anonymous_40)
FNDA:0,(anonymous_41)
FNDA:0,(anonymous_42)
FNDA:0,(anonymous_43)
FNDA:0,(anonymous_44)
FNDA:0,(anonymous_45)
FNDA:0,(anonymous_46)
FNDA:0,(anonymous_47)
FNDA:0,(anonymous_48)
FNDA:0,(anonymous_49)
FNDA:0,(anonymous_50)
FNDA:0,(anonymous_51)
FNDA:0,(anonymous_52)
FNDA:0,(anonymous_53)
FNDA:0,(anonymous_54)
DA:61,0
DA:107,0
DA:164,0
DA:184,0
DA:186,0
DA:195,0
DA:197,0
DA:198,0
DA:200,0
DA:206,0
DA:211,0
DA:212,0
DA:217,0
DA:219,0
DA:225,0
DA:226,0
DA:227,0
DA:228,0
DA:233,0
DA:237,0
DA:238,0
DA:239,0
DA:241,0
DA:243,0
DA:245,0
DA:248,0
DA:250,0
DA:256,0
DA:261,0
DA:267,0
DA:269,0
DA:275,0
DA:276,0
DA:281,0
DA:282,0
DA:283,0
DA:287,0
DA:291,0
DA:293,0
DA:301,0
DA:303,0
DA:304,0
DA:314,0
DA:318,0
DA:323,0
DA:324,0
DA:326,0
DA:327,0
DA:328,0
DA:331,0
DA:338,0
DA:346,0
DA:351,0
DA:357,0
DA:358,0
DA:359,0
DA:363,0
DA:365,0
DA:367,0
DA:368,0
DA:370,0
DA:371,0
DA:373,0
DA:374,0
DA:379,0
DA:383,0
DA:384,0
DA:386,0
DA:387,0
DA:388,0
DA:389,0
DA:391,0
DA:392,0
DA:393,0
DA:394,0
DA:396,0
DA:407,0
DA:408,0
LF:78
LH:0
BRDA:219,0,0,0
BRDA:219,0,1,0
BRDA:239,1,0,0
BRDA:239,1,1,0
BRDA:241,2,0,0
BRDA:241,2,1,0
BRDA:241,2,2,0
BRDA:241,2,3,0
BRDA:245,3,0,0
BRDA:245,3,1,0
BRDA:269,4,0,0
BRDA:269,4,1,0
BRDA:287,5,0,0
BRDA:287,5,1,0
BRDA:293,6,0,0
BRDA:293,6,1,0
BRDA:293,7,0,0
BRDA:293,7,1,0
BRDA:303,8,0,0
BRDA:303,8,1,0
BRDA:324,9,0,0
BRDA:324,9,1,0
BRDA:327,10,0,0
BRDA:327,10,1,0
BRDA:339,11,0,0
BRDA:339,11,1,0
BRDA:358,12,0,0
BRDA:358,12,1,0
BRDA:393,13,0,0
BRDA:393,13,1,0
BRDA:401,14,0,0
BRDA:401,14,1,0
BRF:32
BRH:0
end_of_record
TN:
SF:src/state/avatar/index.ts
FNF:0
FNH:0
LF:0
LH:0
BRF:0
BRH:0
end_of_record
TN:
SF:src/test-utils/test-utils.tsx
FN:48,(anonymous_0)
FN:56,(anonymous_1)
FN:70,(anonymous_2)
FN:80,(anonymous_3)
FN:82,(anonymous_4)
FN:87,(anonymous_5)
FN:89,(anonymous_6)
FN:93,(anonymous_7)
FNF:8
FNH:0
FNDA:0,(anonymous_0)
FNDA:0,(anonymous_1)
FNDA:0,(anonymous_2)
FNDA:0,(anonymous_3)
FNDA:0,(anonymous_4)
FNDA:0,(anonymous_5)
FNDA:0,(anonymous_6)
FNDA:0,(anonymous_7)
DA:10,0
DA:27,0
DA:35,0
DA:48,0
DA:49,0
DA:56,0
DA:60,0
DA:67,0
DA:69,0
DA:70,0
DA:80,0
DA:82,0
DA:86,0
DA:87,0
DA:89,0
DA:93,0
DA:94,0
DA:95,0
DA:98,0
LF:19
LH:0
BRDA:48,0,0,0
BRDA:56,1,0,0
BRDA:57,2,0,0
BRDA:57,3,0,0
BRDA:57,4,0,0
BRF:5
BRH:0
end_of_record
TN:
SF:src/types/ai.ts
FNF:0
FNH:0
LF:0
LH:0
BRF:0
BRH:0
end_of_record
TN:
SF:src/types/avatar.ts
FN:134,(anonymous_0)
FN:149,(anonymous_1)
FN:161,(anonymous_2)
FNF:3
FNH:0
FNDA:0,(anonymous_0)
FNDA:0,(anonymous_1)
FNDA:0,(anonymous_2)
DA:102,0
DA:109,0
DA:134,0
DA:136,0
DA:137,0
DA:138,0
DA:140,0
DA:141,0
DA:142,0
DA:143,0
DA:146,0
DA:149,0
DA:150,0
DA:151,0
DA:153,0
DA:154,0
DA:155,0
DA:158,0
DA:161,0
DA:167,0
DA:168,0
DA:169,0
DA:171,0
DA:172,0
DA:173,0
DA:175,0
LF:26
LH:0
BRDA:173,0,0,0
BRDA:173,0,1,0
BRF:2
BRH:0
end_of_record
TN:
SF:src/types/benefits.ts
FNF:0
FNH:0
LF:0
LH:0
BRF:0
BRH:0
end_of_record
TN:
SF:src/types/calendar.ts
FN:153,(anonymous_0)
FN:164,(anonymous_1)
FNF:2
FNH:0
FNDA:0,(anonymous_0)
FNDA:0,(anonymous_1)
DA:131,0
DA:147,0
DA:154,0
DA:155,0
DA:156,0
DA:157,0
DA:164,0
DA:165,0
DA:166,0
DA:167,0
DA:168,0
LF:11
LH:0
BRDA:154,0,0,0
BRDA:154,0,1,0
BRDA:155,1,0,0
BRDA:155,1,1,0
BRDA:156,2,0,0
BRDA:156,2,1,0
BRDA:165,3,0,0
BRDA:165,3,1,0
BRDA:166,4,0,0
BRDA:166,4,1,0
BRDA:167,5,0,0
BRDA:167,5,1,0
BRF:12
BRH:0
end_of_record
TN:
SF:src/types/dashboardInfo.ts
FNF:0
FNH:0
LF:0
LH:0
BRF:0
BRH:0
end_of_record
TN:
SF:src/types/gamification.ts
FNF:0
FNH:0
DA:146,0
DA:321,0
LF:2
LH:0
BRF:0
BRH:0
end_of_record
TN:
SF:src/types/index.ts
FNF:0
FNH:0
LF:0
LH:0
BRF:0
BRH:0
end_of_record
TN:
SF:src/types/learning.ts
FNF:0
FNH:0
LF:0
LH:0
BRF:0
BRH:0
end_of_record
TN:
SF:src/types/reminders.ts
FNF:0
FNH:0
LF:0
LH:0
BRF:0
BRH:0
end_of_record
TN:
SF:src/types/training.ts
FNF:0
FNH:0
LF:0
LH:0
BRF:0
BRH:0
end_of_record
TN:
SF:src/ui/components/layout/Card.tsx
FN:81,(anonymous_0)
FN:129,(anonymous_1)
FN:169,(anonymous_2)
FN:192,(anonymous_3)
FN:221,(anonymous_4)
FN:282,(anonymous_5)
FN:303,(anonymous_6)
FN:332,(anonymous_7)
FN:363,(anonymous_8)
FN:406,(anonymous_9)
FNF:10
FNH:0
FNDA:0,(anonymous_0)
FNDA:0,(anonymous_1)
FNDA:0,(anonymous_2)
FNDA:0,(anonymous_3)
FNDA:0,(anonymous_4)
FNDA:0,(anonymous_5)
FNDA:0,(anonymous_6)
FNDA:0,(anonymous_7)
FNDA:0,(anonymous_8)
FNDA:0,(anonymous_9)
DA:49,0
DA:56,0
DA:63,0
DA:71,0
DA:81,0
DA:93,0
DA:95,0
DA:129,0
DA:137,0
DA:169,0
DA:175,0
DA:192,0
DA:196,0
DA:221,0
DA:230,0
DA:236,0
DA:282,0
DA:291,0
DA:293,0
DA:303,0
DA:332,0
DA:338,0
DA:363,0
DA:370,0
DA:406,0
DA:413,0
LF:26
LH:0
BRDA:84,0,0,0
BRDA:85,1,0,0
BRDA:86,2,0,0
BRDA:87,3,0,0
BRDA:88,4,0,0
BRDA:90,5,0,0
BRDA:91,6,0,0
BRDA:93,7,0,0
BRDA:93,7,1,0
BRDA:103,8,0,0
BRDA:103,8,1,0
BRDA:106,9,0,0
BRDA:106,9,1,0
BRDA:110,10,0,0
BRDA:110,10,1,0
BRDA:110,10,2,0
BRDA:140,11,0,0
BRDA:140,11,1,0
BRDA:143,12,0,0
BRDA:143,12,1,0
BRDA:148,13,0,0
BRDA:148,13,1,0
BRDA:153,14,0,0
BRDA:153,14,1,0
BRDA:153,14,2,0
BRDA:157,15,0,0
BRDA:157,15,1,0
BRDA:172,16,0,0
BRDA:173,17,0,0
BRDA:179,18,0,0
BRDA:179,18,1,0
BRDA:180,19,0,0
BRDA:180,19,1,0
BRDA:246,20,0,0
BRDA:246,20,1,0
BRDA:253,21,0,0
BRDA:253,21,1,0
BRDA:256,22,0,0
BRDA:256,22,1,0
BRDA:259,23,0,0
BRDA:259,23,1,0
BRDA:260,24,0,0
BRDA:260,24,1,0
BRDA:288,25,0,0
BRDA:289,26,0,0
BRDA:301,27,0,0
BRDA:301,27,1,0
BRDA:306,28,0,0
BRDA:306,28,1,0
BRDA:315,29,0,0
BRDA:315,29,1,0
BRDA:336,30,0,0
BRDA:340,31,0,0
BRDA:340,31,1,0
BRDA:374,32,0,0
BRDA:374,32,1,0
BRDA:380,33,0,0
BRDA:380,33,1,0
BRDA:417,34,0,0
BRDA:417,34,1,0
BRDA:423,35,0,0
BRDA:423,35,1,0
BRDA:428,36,0,0
BRDA:428,36,1,0
BRF:64
BRH:0
end_of_record
TN:
SF:src/ui/components/layout/Container.tsx
FN:76,(anonymous_0)
FN:100,(anonymous_1)
FN:169,(anonymous_2)
FN:236,(anonymous_3)
FN:278,(anonymous_4)
FN:321,(anonymous_5)
FN:376,(anonymous_6)
FNF:7
FNH:0
FNDA:0,(anonymous_0)
FNDA:0,(anonymous_1)
FNDA:0,(anonymous_2)
FNDA:0,(anonymous_3)
FNDA:0,(anonymous_4)
FNDA:0,(anonymous_5)
FNDA:0,(anonymous_6)
DA:45,0
DA:53,0
DA:60,0
DA:67,0
DA:76,0
DA:83,0
DA:100,0
DA:112,0
DA:169,0
DA:178,0
DA:224,0
DA:230,0
DA:236,0
DA:244,0
DA:245,0
DA:248,0
DA:278,0
DA:283,0
DA:306,0
DA:314,0
DA:321,0
DA:327,0
DA:353,0
DA:361,0
DA:369,0
DA:376,0
DA:384,0
LF:27
LH:0
BRDA:79,0,0,0
BRDA:80,1,0,0
BRDA:81,2,0,0
BRDA:88,3,0,0
BRDA:88,3,1,0
BRDA:107,4,0,0
BRDA:109,5,0,0
BRDA:110,6,0,0
BRDA:116,7,0,0
BRDA:116,7,1,0
BRDA:116,7,2,0
BRDA:116,7,3,0
BRDA:116,7,4,0
BRDA:116,7,5,0
BRDA:119,8,0,0
BRDA:119,8,1,0
BRDA:119,8,2,0
BRDA:121,9,0,0
BRDA:121,9,1,0
BRDA:121,9,2,0
BRDA:134,10,0,0
BRDA:134,10,1,0
BRDA:134,10,2,0
BRDA:134,10,3,0
BRDA:137,11,0,0
BRDA:137,11,1,0
BRDA:142,12,0,0
BRDA:142,12,1,0
BRDA:149,13,0,0
BRDA:149,13,1,0
BRDA:175,14,0,0
BRDA:176,15,0,0
BRDA:181,16,0,0
BRDA:181,16,1,0
BRDA:181,16,2,0
BRDA:181,16,3,0
BRDA:182,17,0,0
BRDA:182,17,1,0
BRDA:185,18,0,0
BRDA:185,18,1,0
BRDA:190,19,0,0
BRDA:190,19,1,0
BRDA:197,20,0,0
BRDA:197,20,1,0
BRDA:239,21,0,0
BRDA:240,22,0,0
BRDA:242,23,0,0
BRDA:244,24,0,0
BRDA:244,24,1,0
BRDA:250,25,0,0
BRDA:250,25,1,0
BRDA:250,25,2,0
BRDA:260,26,0,0
BRDA:260,26,1,0
BRDA:260,26,2,0
BRDA:281,27,0,0
BRDA:287,28,0,0
BRDA:287,28,1,0
BRDA:324,29,0,0
BRDA:325,30,0,0
BRDA:379,31,0,0
BRDA:380,32,0,0
BRDA:381,33,0,0
BRDA:382,34,0,0
BRDA:391,35,0,0
BRDA:391,35,1,0
BRF:66
BRH:0
end_of_record
TN:
SF:src/ui/components/layout/Grid.tsx
FN:73,(anonymous_0)
FN:113,(anonymous_1)
FN:147,(anonymous_2)
FN:157,(anonymous_3)
FN:167,(anonymous_4)
FN:177,(anonymous_5)
FN:191,(anonymous_6)
FN:214,(anonymous_7)
FN:240,(anonymous_8)
FNF:9
FNH:0
FNDA:0,(anonymous_0)
FNDA:0,(anonymous_1)
FNDA:0,(anonymous_2)
FNDA:0,(anonymous_3)
FNDA:0,(anonymous_4)
FNDA:0,(anonymous_5)
FNDA:0,(anonymous_6)
FNDA:0,(anonymous_7)
FNDA:0,(anonymous_8)
DA:36,0
DA:45,0
DA:54,0
DA:73,0
DA:83,0
DA:93,0
DA:113,0
DA:124,0
DA:147,0
DA:151,0
DA:157,0
DA:161,0
DA:167,0
DA:171,0
DA:177,0
DA:181,0
DA:191,0
DA:196,0
DA:214,0
DA:215,0
DA:240,0
DA:241,0
DA:247,0
DA:249,0
LF:24
LH:0
BRDA:76,0,0,0
BRDA:77,1,0,0
BRDA:81,2,0,0
BRDA:83,3,0,0
BRDA:83,3,1,0
BRDA:98,4,0,0
BRDA:98,4,1,0
BRDA:99,5,0,0
BRDA:99,5,1,0
BRDA:99,5,2,0
BRDA:100,6,0,0
BRDA:100,6,1,0
BRDA:100,6,2,0
BRDA:101,7,0,0
BRDA:101,7,1,0
BRDA:101,7,2,0
BRDA:116,8,0,0
BRDA:128,9,0,0
BRDA:128,9,1,0
BRDA:129,10,0,0
BRDA:129,10,1,0
BRDA:130,11,0,0
BRDA:130,11,1,0
BRDA:131,12,0,0
BRDA:131,12,1,0
BRDA:132,13,0,0
BRDA:132,13,1,0
BRDA:133,14,0,0
BRDA:133,14,1,0
BRDA:194,15,0,0
BRDA:214,16,0,0
BRDA:216,17,0,0
BRDA:216,17,1,0
BRDA:226,18,0,0
BRDA:226,18,1,0
BRDA:240,19,0,0
BRDA:247,20,0,0
BRDA:247,20,1,0
BRDA:255,21,0,0
BRDA:255,21,1,0
BRF:40
BRH:0
end_of_record
TN:
SF:src/ui/examples/DashboardMigration.tsx
FN:22,(anonymous_0)
FN:66,(anonymous_1)
FN:148,(anonymous_2)
FN:257,(anonymous_3)
FN:265,(anonymous_4)
FNF:5
FNH:0
FNDA:0,(anonymous_0)
FNDA:0,(anonymous_1)
FNDA:0,(anonymous_2)
FNDA:0,(anonymous_3)
FNDA:0,(anonymous_4)
DA:22,0
DA:24,0
DA:66,0
DA:67,0
DA:69,0
DA:148,0
DA:257,0
DA:258,0
DA:260,0
DA:265,0
LF:10
LH:0
BRDA:268,0,0,0
BRDA:268,0,1,0
BRDA:273,1,0,0
BRDA:273,1,1,0
BRF:4
BRH:0
end_of_record
TN:
SF:src/ui/tokens/breakpoints.ts
FNF:0
FNH:0
DA:7,0
DA:8,0
DA:9,0
DA:10,0
DA:11,0
DA:13,0
DA:23,0
DA:32,0
DA:52,0
LF:9
LH:0
BRF:0
BRH:0
end_of_record
TN:
SF:src/ui/tokens/colors.ts
FNF:0
FNH:0
DA:7,0
DA:85,0
LF:2
LH:0
BRF:0
BRH:0
end_of_record
TN:
SF:src/ui/tokens/effects.ts
FNF:0
FNH:0
DA:7,0
DA:20,0
DA:30,0
DA:43,0
DA:62,0
LF:5
LH:0
BRF:0
BRH:0
end_of_record
TN:
SF:src/ui/tokens/spacing.ts
FNF:0
FNH:0
DA:7,0
DA:24,0
LF:2
LH:0
BRF:0
BRH:0
end_of_record
TN:
SF:src/ui/tokens/typography.ts
FNF:0
FNH:0
DA:6,0
DA:17,0
DA:24,0
DA:30,0
DA:37,0
LF:5
LH:0
BRF:0
BRH:0
end_of_record
TN:
SF:src/utils/cn.ts
FN:4,cn
FNF:1
FNH:1
FNDA:7,cn
DA:5,7
LF:1
LH:1
BRF:0
BRH:0
end_of_record
TN:
SF:src/utils/employment-utils.ts
FN:9,(anonymous_0)
FN:36,(anonymous_1)
FN:54,(anonymous_2)
FN:81,(anonymous_3)
FN:91,(anonymous_4)
FN:101,(anonymous_5)
FN:134,(anonymous_6)
FNF:7
FNH:6
FNDA:12,(anonymous_0)
FNDA:6,(anonymous_1)
FNDA:13,(anonymous_2)
FNDA:18,(anonymous_3)
FNDA:14,(anonymous_4)
FNDA:14,(anonymous_5)
FNDA:0,(anonymous_6)
DA:9,1
DA:10,12
DA:12,9
DA:14,2
DA:16,2
DA:18,1
DA:21,1
DA:23,1
DA:25,1
DA:27,0
DA:29,1
DA:36,1
DA:37,6
DA:39,2
DA:41,1
DA:43,1
DA:45,1
DA:47,1
DA:54,1
DA:55,13
DA:57,11
DA:59,11
DA:61,3
DA:63,4
DA:65,1
DA:68,1
DA:70,1
DA:72,0
DA:74,1
DA:81,1
DA:82,18
DA:83,15
DA:84,15
DA:85,15
DA:91,1
DA:92,14
DA:93,11
DA:94,8
DA:95,6
DA:101,1
DA:102,14
DA:104,12
DA:106,4
DA:108,3
DA:110,2
DA:112,2
DA:114,1
DA:121,1
DA:134,1
DA:135,0
LF:50
LH:47
BRDA:10,0,0,3
BRDA:10,0,1,9
BRDA:12,1,0,2
BRDA:12,1,1,2
BRDA:12,1,2,1
BRDA:12,1,3,0
BRDA:12,1,4,1
BRDA:12,1,5,1
BRDA:12,1,6,1
BRDA:12,1,7,0
BRDA:12,1,8,1
BRDA:27,2,0,0
BRDA:27,2,1,0
BRDA:37,3,0,2
BRDA:37,3,1,1
BRDA:37,3,2,1
BRDA:37,3,3,1
BRDA:37,3,4,1
BRDA:55,4,0,2
BRDA:55,4,1,11
BRDA:59,5,0,3
BRDA:59,5,1,4
BRDA:59,5,2,1
BRDA:59,5,3,1
BRDA:59,5,4,1
BRDA:59,5,5,1
BRDA:59,5,6,0
BRDA:59,5,7,1
BRDA:82,6,0,3
BRDA:82,6,1,15
BRDA:84,7,0,0
BRDA:84,7,1,15
BRDA:92,8,0,3
BRDA:92,8,1,11
BRDA:93,9,0,3
BRDA:93,9,1,8
BRDA:94,10,0,2
BRDA:94,10,1,6
BRDA:94,11,0,8
BRDA:94,11,1,5
BRDA:94,11,2,4
BRDA:102,12,0,2
BRDA:102,12,1,12
BRDA:104,13,0,4
BRDA:104,13,1,3
BRDA:104,13,2,2
BRDA:104,13,3,2
BRDA:104,13,4,1
BRF:48
BRH:42
end_of_record
TN:
SF:src/utils/error-tracking.ts
FN:24,(anonymous_0)
FN:43,(anonymous_1)
FN:56,(anonymous_2)
FN:81,(anonymous_3)
FN:93,(anonymous_4)
FN:102,(anonymous_5)
FN:116,(anonymous_6)
FN:118,(anonymous_7)
FN:132,(anonymous_8)
FN:151,(anonymous_9)
FN:155,(anonymous_10)
FN:171,(anonymous_11)
FN:191,(anonymous_12)
FN:195,(anonymous_13)
FN:202,(anonymous_14)
FNF:15
FNH:0
FNDA:0,(anonymous_0)
FNDA:0,(anonymous_1)
FNDA:0,(anonymous_2)
FNDA:0,(anonymous_3)
FNDA:0,(anonymous_4)
FNDA:0,(anonymous_5)
FNDA:0,(anonymous_6)
FNDA:0,(anonymous_7)
FNDA:0,(anonymous_8)
FNDA:0,(anonymous_9)
FNDA:0,(anonymous_10)
FNDA:0,(anonymous_11)
FNDA:0,(anonymous_12)
FNDA:0,(anonymous_13)
FNDA:0,(anonymous_14)
DA:17,0
DA:18,0
DA:25,0
DA:27,0
DA:40,0
DA:43,0
DA:44,0
DA:46,0
DA:50,0
DA:58,0
DA:59,0
DA:60,0
DA:64,0
DA:65,0
DA:66,0
DA:82,0
DA:83,0
DA:84,0
DA:94,0
DA:108,0
DA:118,0
DA:119,0
DA:132,0
DA:133,0
DA:155,0
DA:156,0
DA:157,0
DA:159,0
DA:163,0
DA:172,0
DA:185,0
DA:191,0
DA:192,0
DA:195,0
DA:199,0
DA:202,0
DA:203,0
DA:207,0
DA:208,0
LF:39
LH:0
BRDA:25,0,0,0
BRDA:25,0,1,0
BRDA:27,1,0,0
BRDA:27,1,1,0
BRDA:27,2,0,0
BRDA:27,2,1,0
BRDA:58,3,0,0
BRDA:58,3,1,0
BRDA:64,4,0,0
BRDA:64,4,1,0
BRDA:81,5,0,0
BRDA:82,6,0,0
BRDA:82,6,1,0
BRDA:94,7,0,0
BRDA:94,7,1,0
BRDA:108,8,0,0
BRDA:108,8,1,0
BRDA:134,9,0,0
BRDA:134,9,1,0
BRDA:160,10,0,0
BRDA:160,10,1,0
BRDA:197,11,0,0
BRDA:207,12,0,0
BRDA:207,12,1,0
BRF:24
BRH:0
end_of_record
TN:
SF:src/utils/exportCalendar.ts
FN:46,(anonymous_0)
FN:60,(anonymous_1)
FN:67,(anonymous_2)
FN:85,(anonymous_3)
FN:85,(anonymous_4)
FN:113,(anonymous_5)
FN:137,(anonymous_6)
FN:151,(anonymous_7)
FN:158,(anonymous_8)
FN:161,(anonymous_9)
FN:216,(anonymous_10)
FN:281,(anonymous_11)
FN:296,(anonymous_12)
FN:319,(anonymous_13)
FNF:14
FNH:0
FNDA:0,(anonymous_0)
FNDA:0,(anonymous_1)
FNDA:0,(anonymous_2)
FNDA:0,(anonymous_3)
FNDA:0,(anonymous_4)
FNDA:0,(anonymous_5)
FNDA:0,(anonymous_6)
FNDA:0,(anonymous_7)
FNDA:0,(anonymous_8)
FNDA:0,(anonymous_9)
FNDA:0,(anonymous_10)
FNDA:0,(anonymous_11)
FNDA:0,(anonymous_12)
FNDA:0,(anonymous_13)
DA:20,0
DA:32,0
DA:46,0
DA:54,0
DA:57,0
DA:60,0
DA:61,0
DA:62,0
DA:63,0
DA:67,0
DA:68,0
DA:69,0
DA:70,0
DA:71,0
DA:73,0
DA:83,0
DA:85,0
DA:89,0
DA:90,0
DA:91,0
DA:93,0
DA:97,0
DA:98,0
DA:99,0
DA:100,0
DA:101,0
DA:102,0
DA:113,0
DA:121,0
DA:128,0
DA:132,0
DA:133,0
DA:136,0
DA:137,0
DA:138,0
DA:139,0
DA:142,0
DA:144,0
DA:147,0
DA:148,0
DA:151,0
DA:152,0
DA:153,0
DA:157,0
DA:158,0
DA:159,0
DA:161,0
DA:162,0
DA:163,0
DA:165,0
DA:166,0
DA:167,0
DA:169,0
DA:170,0
DA:172,0
DA:173,0
DA:175,0
DA:176,0
DA:178,0
DA:179,0
DA:181,0
DA:182,0
DA:184,0
DA:185,0
DA:187,0
DA:189,0
DA:193,0
DA:197,0
DA:218,0
DA:219,0
DA:220,0
DA:221,0
DA:222,0
DA:223,0
DA:224,0
DA:226,0
DA:228,0
DA:230,0
DA:231,0
DA:233,0
DA:234,0
DA:235,0
DA:237,0
DA:238,0
DA:240,0
DA:241,0
DA:243,0
DA:244,0
DA:246,0
DA:247,0
DA:248,0
DA:249,0
DA:251,0
DA:253,0
DA:256,0
DA:257,0
DA:258,0
DA:259,0
DA:267,0
DA:268,0
DA:269,0
DA:271,0
DA:280,0
DA:281,0
DA:282,0
DA:283,0
DA:284,0
DA:285,0
DA:286,0
DA:291,0
DA:294,0
DA:296,0
DA:297,0
DA:298,0
DA:308,0
DA:309,0
DA:311,0
DA:316,0
DA:317,0
DA:319,0
DA:320,0
DA:332,0
DA:345,0
DA:349,0
LF:124
LH:0
BRDA:62,0,0,0
BRDA:62,0,1,0
BRDA:69,1,0,0
BRDA:69,1,1,0
BRDA:70,2,0,0
BRDA:70,2,1,0
BRDA:71,3,0,0
BRDA:71,3,1,0
BRDA:93,4,0,0
BRDA:93,4,1,0
BRDA:122,5,0,0
BRDA:122,5,1,0
BRDA:128,6,0,0
BRDA:128,6,1,0
BRDA:142,7,0,0
BRDA:142,7,1,0
BRDA:165,8,0,0
BRDA:165,8,1,0
BRDA:167,9,0,0
BRDA:167,9,1,0
BRDA:167,9,2,0
BRDA:167,9,3,0
BRDA:167,9,4,0
BRDA:167,9,5,0
BRDA:184,10,0,0
BRDA:184,10,1,0
BRDA:218,11,0,0
BRDA:218,11,1,0
BRDA:218,12,0,0
BRDA:218,12,1,0
BRDA:226,13,0,0
BRDA:226,13,1,0
BRDA:228,14,0,0
BRDA:228,14,1,0
BRDA:228,14,2,0
BRDA:228,14,3,0
BRDA:228,14,4,0
BRDA:228,14,5,0
BRDA:246,15,0,0
BRDA:246,15,1,0
BRDA:246,16,0,0
BRDA:246,16,1,0
BRDA:248,17,0,0
BRDA:248,17,1,0
BRDA:248,18,0,0
BRDA:248,18,1,0
BRDA:256,19,0,0
BRDA:256,19,1,0
BRDA:297,20,0,0
BRDA:297,20,1,0
BRDA:308,21,0,0
BRDA:308,21,1,0
BRDA:308,22,0,0
BRDA:308,22,1,0
BRDA:311,23,0,0
BRDA:311,23,1,0
BRDA:345,24,0,0
BRDA:345,24,1,0
BRF:58
BRH:0
end_of_record
TN:
SF:src/utils/navigation.ts
FN:14,getRoute
FN:52,(anonymous_1)
FN:68,isActiveRoute
FN:82,getRelativePath
FNF:4
FNH:0
FNDA:0,getRoute
FNDA:0,(anonymous_1)
FNDA:0,isActiveRoute
FNDA:0,getRelativePath
DA:7,0
DA:17,0
DA:23,0
DA:52,0
DA:70,0
DA:71,0
DA:73,0
DA:83,0
DA:84,0
DA:86,0
LF:10
LH:0
BRDA:7,0,0,0
BRDA:7,0,1,0
BRDA:17,1,0,0
BRDA:17,1,1,0
BRDA:73,2,0,0
BRDA:73,2,1,0
BRDA:83,3,0,0
BRDA:83,3,1,0
BRDA:83,4,0,0
BRDA:83,4,1,0
BRDA:84,5,0,0
BRDA:84,5,1,0
BRF:12
BRH:0
end_of_record
TN:
SF:src/utils/validation.ts
FN:57,(anonymous_0)
FN:61,(anonymous_1)
FN:69,(anonymous_2)
FN:73,(anonymous_3)
FNF:4
FNH:0
FNDA:0,(anonymous_0)
FNDA:0,(anonymous_1)
FNDA:0,(anonymous_2)
FNDA:0,(anonymous_3)
DA:9,1
DA:23,1
DA:35,1
DA:45,1
DA:46,1
DA:57,1
DA:58,0
DA:61,1
DA:62,0
DA:63,0
DA:64,0
DA:66,0
DA:69,1
DA:70,0
DA:73,1
DA:74,0
LF:16
LH:9
BRDA:63,0,0,0
BRDA:63,0,1,0
BRF:2
BRH:0
end_of_record
